1        1   (0)      1  : 0.5196 0.1845 0.1907 0.1052
2        2   (0)      1  : 0.5276 0.1920 0.1835 0.0970
3        3   (0)      1  : 0.4946 0.1470 0.1541 0.2043
4        4   (0)      1  : 0.4933 0.1773 0.1375 0.1919
5        5   (0)      2  : 0.6671 0.0004 0.3206 0.0118
6        6   (0)      2  : 0.6189 0.0002 0.3809 0.0001
7        7   (0)      2  : 0.6443 0.0001 0.3555 0.0001
8        8   (0)      2  : 0.6712 0.0001 0.3211 0.0075
9        9   (0)      3  : 0.0001 0.0001 0.9997 0.0001
10       10   (0)      3  : 0.0001 0.0001 0.9997 0.0001
11       11   (0)      3  : 0.0001 0.0001 0.9997 0.0001
12       12   (0)      3  : 0.0809 0.0672 0.8209 0.0310
13       13   (0)      4  : 0.9767 0.0022 0.0210 0.0002
14       14   (0)      4  : 0.9997 0.0001 0.0001 0.0001
15       15   (0)      4  : 0.9997 0.0001 0.0001 0.0001
16       16   (0)      4  : 0.9997 0.0001 0.0001 0.0001
17       17   (0)      5  : 0.0271 0.9507 0.0221 0.0001
18       18   (0)      5  : 0.0534 0.9304 0.0161 0.0001
19       19   (0)      5  : 0.0344 0.9441 0.0213 0.0001
20       20   (0)      5  : 0.0494 0.9256 0.0249 0.0001
21       21   (0)      6  : 0.0001 0.8972 0.0001 0.1026
22       22   (0)      6  : 0.0001 0.9088 0.0001 0.0910
23       23   (0)      6  : 0.0001 0.9413 0.0001 0.0585
24       24   (0)      6  : 0.0001 0.9408 0.0003 0.0588
25       25   (0)      7  : 0.0004 0.7017 0.2533 0.0445
26       26   (0)      7  : 0.0028 0.7266 0.1852 0.0854
27       27   (0)      7  : 0.0001 0.7291 0.1955 0.0753
28       28   (0)      7  : 0.0001 0.6802 0.2586 0.0611
29       29   (0)      8  : 0.0033 0.7639 0.0001 0.2327
30       30   (0)      8  : 0.0444 0.8185 0.0001 0.1370
31       31   (0)      8  : 0.0005 0.8423 0.0001 0.1571
32       32   (0)      8  : 0.0001 0.8436 0.0001 0.1562
33       33   (0)      9  : 0.6520 0.3102 0.0001 0.0377
34       34   (0)      9  : 0.6911 0.2952 0.0001 0.0136
35       35   (0)      9  : 0.6874 0.3021 0.0001 0.0104
36       36   (0)      9  : 0.6744 0.3030 0.0001 0.0225
37       37   (0)     10  : 0.1107 0.0593 0.0504 0.7796
38       38   (0)     10  : 0.1242 0.0020 0.0164 0.8574
39       39   (0)     10  : 0.1421 0.0573 0.0346 0.7660
40       40   (0)     10  : 0.1081 0.0127 0.0296 0.8495
41       41   (0)     11  : 0.0001 0.0298 0.0003 0.9698
42       42   (0)     11  : 0.0394 0.1563 0.0002 0.8042
43       43   (0)     11  : 0.0582 0.1342 0.0089 0.7986
44       44   (0)     11  : 0.0504 0.1863 0.0365 0.7268
45       45   (0)     12  : 0.0001 0.0001 0.0001 0.9997
46       46   (0)     12  : 0.0001 0.0001 0.0001 0.9997
47       47   (0)     12  : 0.0001 0.0001 0.0001 0.9997
48       48   (0)     12  : 0.0001 0.0001 0.0001 0.9997
