1        1   (0)      1  : 0.9118 0.0414 0.0298 0.0151 0.0001 0.0016 0.0001 0.0001
2        2   (0)      1  : 0.9125 0.0465 0.0243 0.0153 0.0001 0.0010 0.0001 0.0001
3        3   (0)      1  : 0.9988 0.0001 0.0001 0.0001 0.0006 0.0001 0.0001 0.0001
4        4   (0)      1  : 0.9911 0.0001 0.0001 0.0001 0.0077 0.0001 0.0008 0.0001
5        5   (0)      2  : 0.0009 0.0067 0.0001 0.0020 0.0054 0.9772 0.0075 0.0001
6        6   (0)      2  : 0.0001 0.0001 0.0018 0.0002 0.0001 0.9975 0.0001 0.0001
7        7   (0)      2  : 0.0004 0.0004 0.0002 0.0001 0.0001 0.9986 0.0001 0.0001
8        8   (0)      2  : 0.0001 0.0290 0.0004 0.0010 0.0001 0.9574 0.0116 0.0005
9        9   (0)      3  : 0.0001 0.0001 0.9993 0.0001 0.0001 0.0001 0.0001 0.0001
10       10   (0)      3  : 0.0001 0.0001 0.9993 0.0001 0.0001 0.0001 0.0001 0.0001
11       11   (0)      3  : 0.0001 0.0001 0.9993 0.0001 0.0001 0.0001 0.0001 0.0001
12       12   (0)      3  : 0.0448 0.0592 0.7658 0.0162 0.0333 0.0505 0.0001 0.0301
13       13   (0)      4  : 0.1481 0.7860 0.0134 0.0002 0.0001 0.0520 0.0001 0.0001
14       14   (0)      4  : 0.0001 0.9993 0.0001 0.0001 0.0001 0.0001 0.0001 0.0001
15       15   (0)      4  : 0.1089 0.8876 0.0030 0.0001 0.0001 0.0001 0.0001 0.0001
16       16   (0)      4  : 0.0008 0.9986 0.0001 0.0001 0.0001 0.0001 0.0001 0.0001
17       17   (0)      5  : 0.0001 0.0001 0.0001 0.9991 0.0001 0.0001 0.0001 0.0002
18       18   (0)      5  : 0.0001 0.0016 0.0001 0.9977 0.0001 0.0002 0.0001 0.0001
19       19   (0)      5  : 0.0001 0.0001 0.0001 0.9987 0.0001 0.0001 0.0007 0.0001
20       20   (0)      5  : 0.0015 0.0011 0.0012 0.9765 0.0090 0.0081 0.0015 0.0011
21       21   (0)      6  : 0.0141 0.0001 0.0001 0.0135 0.0001 0.0001 0.0135 0.9585
22       22   (0)      6  : 0.0005 0.0001 0.0001 0.0084 0.0001 0.0002 0.0026 0.9879
23       23   (0)      6  : 0.0001 0.0001 0.0001 0.0001 0.0001 0.0001 0.0001 0.9993
24       24   (0)      6  : 0.0106 0.0001 0.0001 0.0001 0.0001 0.0001 0.0001 0.9888
25       25   (0)      7  : 0.0754 0.0001 0.1781 0.0561 0.0001 0.0526 0.0001 0.6375
26       26   (0)      7  : 0.1335 0.0001 0.0931 0.0001 0.0013 0.0520 0.0001 0.7198
27       27   (0)      7  : 0.1017 0.0001 0.1089 0.0071 0.0010 0.0605 0.0001 0.7205
28       28   (0)      7  : 0.0829 0.0001 0.1911 0.0685 0.0005 0.0422 0.0037 0.6110
29       29   (0)      8  : 0.0001 0.0166 0.0001 0.0023 0.0802 0.0001 0.0628 0.8378
30       30   (0)      8  : 0.0001 0.0749 0.0001 0.0096 0.0327 0.0001 0.0199 0.8626
31       31   (0)      8  : 0.0001 0.0060 0.0001 0.0007 0.0571 0.0004 0.0051 0.9305
32       32   (0)      8  : 0.0001 0.0001 0.0001 0.0001 0.0497 0.0001 0.0004 0.9494
33       33   (0)      9  : 0.0001 0.6965 0.0001 0.0136 0.0007 0.0017 0.0295 0.2579
34       34   (0)      9  : 0.0001 0.7422 0.0001 0.0049 0.0096 0.0008 0.0015 0.2407
35       35   (0)      9  : 0.0001 0.7279 0.0001 0.0116 0.0062 0.0046 0.0010 0.2485
36       36   (0)      9  : 0.0001 0.6944 0.0001 0.0022 0.0003 0.0240 0.0196 0.2593
37       37   (0)     10  : 0.0043 0.0018 0.0157 0.0204 0.9037 0.0281 0.0178 0.0081
38       38   (0)     10  : 0.0001 0.0001 0.0001 0.0001 0.9993 0.0001 0.0001 0.0001
39       39   (0)     10  : 0.0270 0.0184 0.0065 0.0021 0.9220 0.0118 0.0014 0.0108
40       40   (0)     10  : 0.0001 0.0001 0.0001 0.0001 0.9993 0.0001 0.0001 0.0001
41       41   (0)     11  : 0.0013 0.0001 0.0001 0.0003 0.3371 0.0001 0.6199 0.0411
42       42   (0)     11  : 0.0001 0.0001 0.0001 0.0001 0.6974 0.0001 0.1513 0.1508
43       43   (0)     11  : 0.0009 0.0012 0.0007 0.0001 0.7132 0.0014 0.1445 0.1381
44       44   (0)     11  : 0.0001 0.0257 0.0221 0.0342 0.4713 0.0039 0.2800 0.1628
45       45   (0)     12  : 0.0001 0.0027 0.0001 0.0002 0.0001 0.0008 0.9959 0.0001
46       46   (0)     12  : 0.0001 0.0001 0.0001 0.0001 0.0001 0.0001 0.9993 0.0001
47       47   (0)     12  : 0.0001 0.0001 0.0009 0.0001 0.0001 0.0001 0.9985 0.0001
48       48   (0)     12  : 0.0001 0.0002 0.0001 0.0002 0.0001 0.0001 0.9992 0.0001
