 1        1   (0)      1 :  0.7814 0.0601 0.0355 0.0323 0.0214 0.0267 0.0425 0.0002 
 2        2   (0)      1 :  0.7837 0.0545 0.0373 0.0338 0.0265 0.0242 0.0399 0.0001 
 3        3   (0)      1 :  0.8405 0.0240 0.0124 0.0277 0.0023 0.0146 0.0784 0.0001 
 4        4   (0)      1 :  0.8289 0.0197 0.0136 0.0382 0.0022 0.0195 0.0773 0.0006 
 5        5   (0)      2 :  0.0152 0.0687 0.0073 0.0001 0.0990 0.7974 0.0037 0.0085 
 6        6   (0)      2 :  0.0139 0.0831 0.0062 0.0001 0.0889 0.8074 0.0002 0.0001 
 7        7   (0)      2 :  0.0139 0.0777 0.0033 0.0001 0.0924 0.8122 0.0003 0.0001 
 8        8   (0)      2 :  0.0139 0.0692 0.0062 0.0004 0.1144 0.7839 0.0013 0.0106 
 9        9   (0)      3 :  0.0001 0.9993 0.0001 0.0001 0.0001 0.0001 0.0001 0.0001 
10       10   (0)      3 :  0.0001 0.9993 0.0001 0.0001 0.0001 0.0001 0.0001 0.0001 
11       11   (0)      3 :  0.0001 0.9993 0.0001 0.0001 0.0001 0.0001 0.0001 0.0001 
12       12   (0)      3 :  0.0466 0.7731 0.0182 0.0343 0.0426 0.0488 0.0345 0.0020 
13       13   (0)      4 :  0.3286 0.0109 0.0013 0.0001 0.4525 0.1555 0.0510 0.0001 
14       14   (0)      4 :  0.3198 0.0001 0.0001 0.0001 0.4397 0.1600 0.0800 0.0001 
15       15   (0)      4 :  0.3703 0.0016 0.0002 0.0051 0.3988 0.1499 0.0735 0.0007 
16       16   (0)      4 :  0.3201 0.0001 0.0001 0.0001 0.4395 0.1600 0.0800 0.0001 
17       17   (0)      5 :  0.0001 0.0002 0.9988 0.0004 0.0002 0.0001 0.0002 0.0001 
18       18   (0)      5 :  0.0005 0.0001 0.9975 0.0001 0.0012 0.0002 0.0003 0.0001 
19       19   (0)      5 :  0.0001 0.0001 0.9989 0.0001 0.0001 0.0001 0.0001 0.0005 
20       20   (0)      5 :  0.0010 0.0012 0.9796 0.0004 0.0056 0.0045 0.0062 0.0014 
21       21   (0)      6 :  0.0078 0.0001 0.0122 0.9439 0.0199 0.0017 0.0034 0.0110 
22       22   (0)      6 :  0.0006 0.0001 0.0082 0.9799 0.0050 0.0018 0.0028 0.0017 
23       23   (0)      6 :  0.0001 0.0001 0.0001 0.9952 0.0008 0.0013 0.0023 0.0001 
24       24   (0)      6 :  0.0053 0.0002 0.0001 0.9853 0.0057 0.0011 0.0022 0.0001 
25       25   (0)      7 :  0.0472 0.1816 0.0567 0.6275 0.0002 0.0672 0.0195 0.0001 
26       26   (0)      7 :  0.0835 0.1028 0.0010 0.7139 0.0001 0.0704 0.0281 0.0001 
27       27   (0)      7 :  0.0634 0.1161 0.0093 0.7130 0.0002 0.0753 0.0228 0.0001 
28       28   (0)      7 :  0.0517 0.1915 0.0698 0.6030 0.0001 0.0596 0.0204 0.0040 
29       29   (0)      8 :  0.0010 0.0002 0.0026 0.8278 0.0141 0.0081 0.0753 0.0709 
30       30   (0)      8 :  0.0012 0.0001 0.0093 0.8444 0.0866 0.0039 0.0320 0.0225 
31       31   (0)      8 :  0.0028 0.0001 0.0004 0.9240 0.0022 0.0097 0.0505 0.0103 
32       32   (0)      8 :  0.0001 0.0001 0.0001 0.9475 0.0001 0.0062 0.0426 0.0033 
33       33   (0)      9 :  0.0022 0.0008 0.0073 0.1282 0.8382 0.0006 0.0011 0.0217 
34       34   (0)      9 :  0.0001 0.0001 0.0020 0.1128 0.8793 0.0011 0.0037 0.0009 
35       35   (0)      9 :  0.0002 0.0001 0.0046 0.1156 0.8739 0.0027 0.0023 0.0007 
36       36   (0)      9 :  0.0004 0.0018 0.0009 0.1255 0.8427 0.0169 0.0005 0.0112 
37       37   (0)     10 :  0.0299 0.0170 0.0189 0.0084 0.0153 0.0274 0.7879 0.0951 
38       38   (0)     10 :  0.0356 0.0001 0.0001 0.0001 0.0017 0.0001 0.8794 0.0828 
39       39   (0)     10 :  0.0517 0.0065 0.0025 0.0169 0.0197 0.0120 0.8119 0.0788 
40       40   (0)     10 :  0.0346 0.0004 0.0002 0.0003 0.0013 0.0001 0.8797 0.0834 
41       41   (0)     11 :  0.0022 0.0001 0.0006 0.0400 0.0001 0.0243 0.2838 0.6489 
42       42   (0)     11 :  0.0073 0.0001 0.0001 0.1403 0.0019 0.0704 0.5744 0.2055 
43       43   (0)     11 :  0.0091 0.0004 0.0001 0.1290 0.0031 0.0717 0.5880 0.1985 
44       44   (0)     11 :  0.0017 0.0229 0.0337 0.1501 0.0367 0.0391 0.3968 0.3192 
45       45   (0)     12 :  0.0001 0.0001 0.0003 0.0001 0.0023 0.0009 0.0001 0.9962 
46       46   (0)     12 :  0.0001 0.0001 0.0001 0.0001 0.0001 0.0001 0.0001 0.9993 
47       47   (0)     12 :  0.0001 0.0004 0.0001 0.0001 0.0001 0.0001 0.0001 0.9990 
48       48   (0)     12 :  0.0002 0.0001 0.0001 0.0001 0.0001 0.0001 0.0001 0.9990 
