1        1   (0)      1  : 0.5048 0.1883 0.1141 0.1079 0.0849
2        2   (0)      1  : 0.5134 0.1809 0.1050 0.1107 0.0900
3        3   (0)      1  : 0.4799 0.1538 0.2081 0.0786 0.0795
4        4   (0)      1  : 0.4825 0.1356 0.1945 0.0787 0.1087
5        5   (0)      2  : 0.6359 0.3189 0.0096 0.0356 0.0001
6        6   (0)      2  : 0.5858 0.3782 0.0001 0.0358 0.0001
7        7   (0)      2  : 0.6220 0.3582 0.0001 0.0195 0.0001
8        8   (0)      2  : 0.6438 0.3195 0.0040 0.0326 0.0001
9        9   (0)      3  : 0.0001 0.9996 0.0001 0.0001 0.0001
10       10   (0)      3  : 0.0001 0.9996 0.0001 0.0001 0.0001
11       11   (0)      3  : 0.0001 0.9996 0.0001 0.0001 0.0001
12       12   (0)      3  : 0.0742 0.8240 0.0279 0.0240 0.0499
13       13   (0)      4  : 0.9678 0.0208 0.0005 0.0102 0.0007
14       14   (0)      4  : 0.9996 0.0001 0.0001 0.0001 0.0001
15       15   (0)      4  : 0.9996 0.0001 0.0001 0.0001 0.0001
16       16   (0)      4  : 0.9996 0.0001 0.0001 0.0001 0.0001
17       17   (0)      5  : 0.0001 0.0001 0.0001 0.9996 0.0001
18       18   (0)      5  : 0.0001 0.0001 0.0001 0.9996 0.0001
19       19   (0)      5  : 0.0001 0.0001 0.0001 0.9996 0.0001
20       20   (0)      5  : 0.0007 0.0010 0.0048 0.9925 0.0011
21       21   (0)      6  : 0.0001 0.0001 0.0066 0.0172 0.9760
22       22   (0)      6  : 0.0001 0.0001 0.0009 0.0065 0.9924
23       23   (0)      6  : 0.0001 0.0001 0.0001 0.0001 0.9996
24       24   (0)      6  : 0.0001 0.0004 0.0001 0.0001 0.9993
25       25   (0)      7  : 0.0004 0.2608 0.0002 0.0739 0.6648
26       26   (0)      7  : 0.0023 0.1948 0.0070 0.0144 0.7814
27       27   (0)      7  : 0.0001 0.2044 0.0028 0.0267 0.7660
28       28   (0)      7  : 0.0003 0.2635 0.0124 0.0877 0.6361
29       29   (0)      8  : 0.0030 0.0001 0.1386 0.0049 0.8534
30       30   (0)      8  : 0.0510 0.0002 0.0434 0.0115 0.8938
31       31   (0)      8  : 0.0003 0.0001 0.0505 0.0005 0.9486
32       32   (0)      8  : 0.0001 0.0001 0.0324 0.0001 0.9673
33       33   (0)      9  : 0.6483 0.0001 0.0086 0.0046 0.3385
34       34   (0)      9  : 0.6799 0.0001 0.0001 0.0012 0.3187
35       35   (0)      9  : 0.6754 0.0001 0.0001 0.0014 0.3230
36       36   (0)      9  : 0.6653 0.0001 0.0007 0.0003 0.3336
37       37   (0)     10  : 0.0971 0.0486 0.7783 0.0338 0.0422
38       38   (0)     10  : 0.1124 0.0135 0.8617 0.0115 0.0008
39       39   (0)     10  : 0.1309 0.0333 0.7622 0.0151 0.0584
40       40   (0)     10  : 0.0940 0.0266 0.8538 0.0189 0.0067
41       41   (0)     11  : 0.0001 0.0001 0.9638 0.0018 0.0342
42       42   (0)     11  : 0.0290 0.0001 0.7755 0.0014 0.1939
43       43   (0)     11  : 0.0466 0.0098 0.7706 0.0002 0.1727
44       44   (0)     11  : 0.0404 0.0344 0.7102 0.0381 0.1769
45       45   (0)     12  : 0.0001 0.0001 0.9995 0.0002 0.0001
46       46   (0)     12  : 0.0001 0.0001 0.9996 0.0001 0.0001
47       47   (0)     12  : 0.0001 0.0001 0.9996 0.0001 0.0001
48       48   (0)     12  : 0.0001 0.0001 0.9996 0.0001 0.0001
