1        1   (0)      1  : 0.3244 0.2861 0.1264 0.0795 0.0908 0.0927
2        2   (0)      1  : 0.3312 0.2878 0.1224 0.0873 0.0882 0.0831
3        3   (0)      1  : 0.2650 0.3405 0.0880 0.0460 0.0866 0.1739
4        4   (0)      1  : 0.2579 0.3351 0.0793 0.0473 0.1219 0.1585
5        5   (0)      2  : 0.0026 0.9885 0.0024 0.0019 0.0001 0.0045
6        6   (0)      2  : 0.0001 0.9924 0.0072 0.0001 0.0001 0.0001
7        7   (0)      2  : 0.0001 0.9957 0.0039 0.0001 0.0001 0.0001
8        8   (0)      2  : 0.0155 0.9756 0.0050 0.0001 0.0008 0.0029
9        9   (0)      3  : 0.0001 0.0001 0.9995 0.0001 0.0001 0.0001
10       10   (0)      3  : 0.0001 0.0001 0.9995 0.0001 0.0001 0.0001
11       11   (0)      3  : 0.0001 0.0001 0.9995 0.0001 0.0001 0.0001
12       12   (0)      3  : 0.0636 0.0718 0.7747 0.0193 0.0472 0.0235
13       13   (0)      4  : 0.8633 0.1099 0.0233 0.0033 0.0001 0.0001
14       14   (0)      4  : 0.9995 0.0001 0.0001 0.0001 0.0001 0.0001
15       15   (0)      4  : 0.9618 0.0279 0.0100 0.0001 0.0001 0.0001
16       16   (0)      4  : 0.9995 0.0001 0.0001 0.0001 0.0001 0.0001
17       17   (0)      5  : 0.0001 0.0001 0.0001 0.9995 0.0001 0.0001
18       18   (0)      5  : 0.0007 0.0001 0.0001 0.9989 0.0001 0.0001
19       19   (0)      5  : 0.0001 0.0001 0.0001 0.9995 0.0001 0.0001
20       20   (0)      5  : 0.0005 0.0056 0.0007 0.9874 0.0012 0.0045
21       21   (0)      6  : 0.0001 0.0001 0.0001 0.0190 0.9748 0.0059
22       22   (0)      6  : 0.0001 0.0001 0.0001 0.0056 0.9938 0.0003
23       23   (0)      6  : 0.0001 0.0001 0.0001 0.0001 0.9995 0.0001
24       24   (0)      6  : 0.0001 0.0002 0.0003 0.0001 0.9992 0.0001
25       25   (0)      7  : 0.0001 0.0822 0.1917 0.0620 0.6639 0.0001
26       26   (0)      7  : 0.0001 0.1145 0.1149 0.0031 0.7643 0.0031
27       27   (0)      7  : 0.0001 0.1106 0.1270 0.0098 0.7506 0.0020
28       28   (0)      7  : 0.0001 0.0758 0.2053 0.0775 0.6335 0.0078
29       29   (0)      8  : 0.0144 0.0001 0.0001 0.0049 0.8477 0.1328
30       30   (0)      8  : 0.0616 0.0002 0.0001 0.0115 0.8831 0.0436
31       31   (0)      8  : 0.0038 0.0001 0.0001 0.0004 0.9489 0.0467
32       32   (0)      8  : 0.0001 0.0001 0.0001 0.0001 0.9716 0.0280
33       33   (0)      9  : 0.6402 0.0252 0.0001 0.0106 0.3061 0.0178
34       34   (0)      9  : 0.6770 0.0263 0.0001 0.0067 0.2896 0.0002
35       35   (0)      9  : 0.6692 0.0289 0.0001 0.0095 0.2914 0.0009
36       36   (0)      9  : 0.6369 0.0459 0.0001 0.0037 0.3090 0.0044
37       37   (0)     10  : 0.0468 0.0840 0.0284 0.0267 0.0451 0.7689
38       38   (0)     10  : 0.0820 0.0457 0.0127 0.0069 0.0006 0.8522
39       39   (0)     10  : 0.0973 0.0584 0.0199 0.0089 0.0559 0.7596
40       40   (0)     10  : 0.0757 0.0341 0.0252 0.0124 0.0073 0.8454
41       41   (0)     11  : 0.0001 0.0001 0.0001 0.0030 0.0365 0.9603
42       42   (0)     11  : 0.0273 0.0087 0.0001 0.0014 0.1937 0.7688
43       43   (0)     11  : 0.0389 0.0229 0.0056 0.0001 0.1697 0.7628
44       44   (0)     11  : 0.0438 0.0103 0.0281 0.0376 0.1739 0.7063
45       45   (0)     12  : 0.0001 0.0002 0.0001 0.0001 0.0001 0.9994
46       46   (0)     12  : 0.0001 0.0001 0.0001 0.0001 0.0001 0.9995
47       47   (0)     12  : 0.0001 0.0001 0.0001 0.0001 0.0001 0.9995
48       48   (0)     12  : 0.0001 0.0001 0.0001 0.0001 0.0001 0.9995
