1        1   (0)      1  : 0.9079 0.0358 0.0001 0.0311 0.0159 0.0067 0.0001 0.0021 0.0001 0.0001
2        2   (0)      1  : 0.9158 0.0284 0.0006 0.0224 0.0169 0.0144 0.0001 0.0012 0.0001 0.0001
3        3   (0)      1  : 0.9975 0.0001 0.0004 0.0001 0.0001 0.0001 0.0014 0.0001 0.0001 0.0001
4        4   (0)      1  : 0.9905 0.0001 0.0028 0.0001 0.0001 0.0001 0.0044 0.0001 0.0001 0.0017
5        5   (0)      2  : 0.0005 0.0033 0.0358 0.0001 0.0009 0.0037 0.0092 0.9385 0.0001 0.0079
6        6   (0)      2  : 0.0001 0.0001 0.0002 0.0019 0.0001 0.0001 0.0001 0.9972 0.0001 0.0001
7        7   (0)      2  : 0.0001 0.0002 0.0003 0.0002 0.0001 0.0001 0.0001 0.9987 0.0001 0.0001
8        8   (0)      2  : 0.0001 0.0109 0.0354 0.0004 0.0013 0.0155 0.0002 0.9232 0.0001 0.0129
9        9   (0)      3  : 0.0001 0.0001 0.0001 0.9991 0.0001 0.0001 0.0001 0.0001 0.0001 0.0001
10       10   (0)      3  : 0.0001 0.0001 0.0001 0.9991 0.0001 0.0001 0.0001 0.0001 0.0001 0.0001
11       11   (0)      3  : 0.0001 0.0001 0.0001 0.9991 0.0001 0.0001 0.0001 0.0001 0.0001 0.0001
12       12   (0)      3  : 0.0373 0.0386 0.0366 0.7637 0.0178 0.0255 0.0071 0.0514 0.0219 0.0001
13       13   (0)      4  : 0.1091 0.6369 0.0026 0.0147 0.0031 0.1567 0.0032 0.0736 0.0001 0.0001
14       14   (0)      4  : 0.0001 0.9991 0.0001 0.0001 0.0001 0.0001 0.0001 0.0001 0.0001 0.0001
15       15   (0)      4  : 0.0409 0.9211 0.0037 0.0062 0.0010 0.0001 0.0004 0.0071 0.0172 0.0023
16       16   (0)      4  : 0.0001 0.9991 0.0001 0.0001 0.0001 0.0001 0.0001 0.0001 0.0001 0.0001
17       17   (0)      5  : 0.0001 0.0001 0.0001 0.0007 0.9978 0.0001 0.0001 0.0001 0.0007 0.0002
18       18   (0)      5  : 0.0001 0.0024 0.0002 0.0001 0.9963 0.0005 0.0001 0.0001 0.0001 0.0001
19       19   (0)      5  : 0.0002 0.0001 0.0004 0.0001 0.9983 0.0001 0.0001 0.0001 0.0001 0.0005
20       20   (0)      5  : 0.0011 0.0001 0.0025 0.0005 0.9773 0.0100 0.0031 0.0042 0.0004 0.0007
21       21   (0)      6  : 0.0037 0.0001 0.0001 0.0001 0.0108 0.0299 0.0017 0.0001 0.9398 0.0136
22       22   (0)      6  : 0.0001 0.0001 0.0004 0.0001 0.0060 0.0069 0.0002 0.0001 0.9822 0.0039
23       23   (0)      6  : 0.0001 0.0001 0.0001 0.0001 0.0001 0.0015 0.0001 0.0001 0.9977 0.0001
24       24   (0)      6  : 0.0035 0.0001 0.0001 0.0001 0.0001 0.0086 0.0001 0.0001 0.9872 0.0001
25       25   (0)      7  : 0.0572 0.0001 0.0100 0.1735 0.0549 0.0001 0.0001 0.0611 0.6428 0.0001
26       26   (0)      7  : 0.1088 0.0001 0.0001 0.0884 0.0002 0.0001 0.0133 0.0615 0.7275 0.0001
27       27   (0)      7  : 0.0803 0.0001 0.0001 0.1037 0.0062 0.0001 0.0055 0.0685 0.7352 0.0003
28       28   (0)      7  : 0.0651 0.0001 0.0048 0.1859 0.0684 0.0001 0.0001 0.0506 0.6228 0.0021
29       29   (0)      8  : 0.0001 0.0216 0.0486 0.0001 0.0016 0.0046 0.0469 0.0001 0.8197 0.0569
30       30   (0)      8  : 0.0001 0.0177 0.0118 0.0001 0.0077 0.0884 0.0240 0.0001 0.8309 0.0193
31       31   (0)      8  : 0.0001 0.0193 0.0847 0.0001 0.0001 0.0001 0.0031 0.0001 0.8918 0.0006
32       32   (0)      8  : 0.0001 0.0010 0.0696 0.0001 0.0001 0.0001 0.0018 0.0001 0.9270 0.0001
33       33   (0)      9  : 0.0030 0.0024 0.0001 0.0013 0.0048 0.9528 0.0044 0.0001 0.0114 0.0196
34       34   (0)      9  : 0.0001 0.0001 0.0001 0.0001 0.0001 0.9991 0.0001 0.0001 0.0001 0.0001
35       35   (0)      9  : 0.0003 0.0001 0.0012 0.0001 0.0001 0.9978 0.0001 0.0001 0.0001 0.0001
36       36   (0)      9  : 0.0016 0.0005 0.0007 0.0022 0.0001 0.9640 0.0001 0.0190 0.0059 0.0058
37       37   (0)     10  : 0.0021 0.0001 0.1181 0.0111 0.0177 0.0088 0.7787 0.0253 0.0103 0.0278
38       38   (0)     10  : 0.0001 0.0001 0.0001 0.0001 0.0001 0.0001 0.9991 0.0001 0.0001 0.0001
39       39   (0)     10  : 0.0174 0.0072 0.0155 0.0032 0.0013 0.0068 0.8804 0.0099 0.0381 0.0202
40       40   (0)     10  : 0.0001 0.0001 0.0001 0.0001 0.0001 0.0001 0.9991 0.0001 0.0001 0.0001
41       41   (0)     11  : 0.0008 0.0001 0.3319 0.0002 0.0009 0.0001 0.1057 0.0001 0.0048 0.5554
42       42   (0)     11  : 0.0001 0.0001 0.9634 0.0001 0.0001 0.0001 0.0262 0.0003 0.0050 0.0047
43       43   (0)     11  : 0.0001 0.0001 0.9634 0.0001 0.0001 0.0001 0.0261 0.0006 0.0050 0.0044
44       44   (0)     11  : 0.0001 0.0045 0.4798 0.0276 0.0361 0.0349 0.1388 0.0042 0.0808 0.1931
45       45   (0)     12  : 0.0001 0.0004 0.0001 0.0001 0.0003 0.0028 0.0001 0.0009 0.0001 0.9950
46       46   (0)     12  : 0.0003 0.0001 0.0001 0.0001 0.0001 0.0001 0.0001 0.0001 0.0001 0.9989
47       47   (0)     12  : 0.0001 0.0001 0.0001 0.0002 0.0001 0.0001 0.0001 0.0001 0.0001 0.9990
48       48   (0)     12  : 0.0002 0.0006 0.0002 0.0001 0.0001 0.0001 0.0001 0.0001 0.0002 0.9983
