 1        1   (0)      1 :  0.4777 0.1688 0.0837 0.0886 0.1812 
 2        2   (0)      1 :  0.4849 0.1706 0.0771 0.0930 0.1745 
 3        3   (0)      1 :  0.4427 0.1695 0.1531 0.0748 0.1599 
 4        4   (0)      1 :  0.4428 0.1672 0.1432 0.1044 0.1425 
 5        5   (0)      2 :  0.6604 0.0330 0.0111 0.0001 0.2954 
 6        6   (0)      2 :  0.6177 0.0324 0.0001 0.0001 0.3497 
 7        7   (0)      2 :  0.6492 0.0198 0.0002 0.0001 0.3307 
 8        8   (0)      2 :  0.6679 0.0293 0.0072 0.0001 0.2955 
 9        9   (0)      3 :  0.0798 0.0001 0.0003 0.0001 0.9196 
10       10   (0)      3 :  0.0794 0.0001 0.0007 0.0001 0.9196 
11       11   (0)      3 :  0.0790 0.0001 0.0012 0.0001 0.9196 
12       12   (0)      3 :  0.1379 0.0283 0.0228 0.0510 0.7600 
13       13   (0)      4 :  0.9402 0.0330 0.0004 0.0060 0.0205 
14       14   (0)      4 :  0.9792 0.0201 0.0001 0.0005 0.0001 
15       15   (0)      4 :  0.9699 0.0245 0.0003 0.0041 0.0013 
16       16   (0)      4 :  0.9792 0.0202 0.0001 0.0005 0.0001 
17       17   (0)      5 :  0.0039 0.8024 0.0001 0.1890 0.0046 
18       18   (0)      5 :  0.0079 0.8031 0.0001 0.1856 0.0032 
19       19   (0)      5 :  0.0050 0.8027 0.0001 0.1877 0.0044 
20       20   (0)      5 :  0.0080 0.7972 0.0037 0.1851 0.0061 
21       21   (0)      6 :  0.0006 0.0195 0.0204 0.9593 0.0001 
22       22   (0)      6 :  0.0006 0.0102 0.0142 0.9750 0.0001 
23       23   (0)      6 :  0.0006 0.0022 0.0082 0.9888 0.0001 
24       24   (0)      6 :  0.0009 0.0028 0.0103 0.9857 0.0004 
25       25   (0)      7 :  0.0217 0.0673 0.0048 0.6689 0.2372 
26       26   (0)      7 :  0.0171 0.0333 0.0101 0.7626 0.1769 
27       27   (0)      7 :  0.0155 0.0387 0.0081 0.7521 0.1856 
28       28   (0)      7 :  0.0211 0.0790 0.0167 0.6424 0.2407 
29       29   (0)      8 :  0.0044 0.0202 0.1376 0.8321 0.0056 
30       30   (0)      8 :  0.0490 0.0202 0.0516 0.8766 0.0026 
31       31   (0)      8 :  0.0010 0.0151 0.0567 0.9234 0.0039 
32       32   (0)      8 :  0.0001 0.0154 0.0411 0.9401 0.0033 
33       33   (0)      9 :  0.6445 0.0045 0.0169 0.3340 0.0001 
34       34   (0)      9 :  0.6767 0.0018 0.0049 0.3164 0.0001 
35       35   (0)      9 :  0.6721 0.0021 0.0037 0.3219 0.0001 
36       36   (0)      9 :  0.6634 0.0005 0.0087 0.3274 0.0001 
37       37   (0)     10 :  0.0752 0.1569 0.6183 0.0370 0.1126 
38       38   (0)     10 :  0.0808 0.1530 0.6752 0.0007 0.0903 
39       39   (0)     10 :  0.1028 0.1484 0.6007 0.0473 0.1008 
40       40   (0)     10 :  0.0673 0.1580 0.6695 0.0051 0.1001 
41       41   (0)     11 :  0.0001 0.0477 0.8918 0.0326 0.0277 
42       42   (0)     11 :  0.0216 0.0981 0.6496 0.1760 0.0546 
43       43   (0)     11 :  0.0352 0.1011 0.6436 0.1563 0.0639 
44       44   (0)     11 :  0.0368 0.0922 0.6246 0.1782 0.0682 
45       45   (0)     12 :  0.0005 0.0002 0.9992 0.0001 0.0001 
46       46   (0)     12 :  0.0001 0.0001 0.9996 0.0001 0.0001 
47       47   (0)     12 :  0.0001 0.0001 0.9996 0.0001 0.0001 
48       48   (0)     12 :  0.0001 0.0001 0.9996 0.0001 0.0001 
