1        1   (0)      1  : 0.8635 0.1365
2        2   (0)      1  : 0.8719 0.1281
3        3   (0)      1  : 0.7621 0.2379
4        4   (0)      1  : 0.7588 0.2412
5        5   (0)      2  : 0.9999 0.0001
6        6   (0)      2  : 0.9999 0.0001
7        7   (0)      2  : 0.9999 0.0001
8        8   (0)      2  : 0.9999 0.0001
9        9   (0)      3  : 0.9999 0.0001
10       10   (0)      3  : 0.9999 0.0001
11       11   (0)      3  : 0.9999 0.0001
12       12   (0)      3  : 0.9772 0.0228
13       13   (0)      4  : 0.9999 0.0001
14       14   (0)      4  : 0.9999 0.0001
15       15   (0)      4  : 0.9999 0.0001
16       16   (0)      4  : 0.9999 0.0001
17       17   (0)      5  : 0.8130 0.1870
18       18   (0)      5  : 0.8252 0.1748
19       19   (0)      5  : 0.8085 0.1915
20       20   (0)      5  : 0.8071 0.1929
21       21   (0)      6  : 0.3634 0.6366
22       22   (0)      6  : 0.3694 0.6306
23       23   (0)      6  : 0.3843 0.6157
24       24   (0)      6  : 0.4075 0.5925
25       25   (0)      7  : 0.6206 0.3794
26       26   (0)      7  : 0.5463 0.4537
27       27   (0)      7  : 0.5525 0.4475
28       28   (0)      7  : 0.6153 0.3847
29       29   (0)      8  : 0.3065 0.6935
30       30   (0)      8  : 0.4023 0.5977
31       31   (0)      8  : 0.3313 0.6687
32       32   (0)      8  : 0.3016 0.6984
33       33   (0)      9  : 0.7932 0.2068
34       34   (0)      9  : 0.8186 0.1814
35       35   (0)      9  : 0.8252 0.1748
36       36   (0)      9  : 0.8168 0.1832
37       37   (0)     10  : 0.1379 0.8621
38       38   (0)     10  : 0.0769 0.9231
39       39   (0)     10  : 0.1466 0.8534
40       40   (0)     10  : 0.0789 0.9211
41       41   (0)     11  : 0.0001 0.9999
42       42   (0)     11  : 0.0342 0.9658
43       43   (0)     11  : 0.0590 0.9410
44       44   (0)     11  : 0.1220 0.8780
45       45   (0)     12  : 0.0001 0.9999
46       46   (0)     12  : 0.0001 0.9999
47       47   (0)     12  : 0.0001 0.9999
48       48   (0)     12  : 0.0001 0.9999
