 1        1   (0)      1 :  0.0743 0.3280 0.1268 0.0313 0.3776 0.0621 
 2        2   (0)      1 :  0.0784 0.3268 0.1195 0.0283 0.3844 0.0626 
 3        3   (0)      1 :  0.0426 0.4171 0.0849 0.0638 0.3405 0.0511 
 4        4   (0)      1 :  0.0440 0.4080 0.0763 0.0591 0.3347 0.0780 
 5        5   (0)      2 :  0.0270 0.2686 0.2621 0.0097 0.4326 0.0001 
 6        6   (0)      2 :  0.0278 0.2627 0.3113 0.0001 0.3980 0.0001 
 7        7   (0)      2 :  0.0145 0.2660 0.2950 0.0002 0.4243 0.0001 
 8        8   (0)      2 :  0.0232 0.2649 0.2629 0.0098 0.4389 0.0002 
 9        9   (0)      3 :  0.0001 0.0001 0.9995 0.0001 0.0001 0.0001 
10       10   (0)      3 :  0.0001 0.0001 0.9995 0.0001 0.0001 0.0001 
11       11   (0)      3 :  0.0001 0.0001 0.9995 0.0001 0.0001 0.0001 
12       12   (0)      3 :  0.0218 0.0467 0.8072 0.0146 0.0609 0.0488 
13       13   (0)      4 :  0.0065 0.1013 0.0151 0.0001 0.8768 0.0001 
14       14   (0)      4 :  0.0001 0.0005 0.0001 0.0001 0.9991 0.0001 
15       15   (0)      4 :  0.0001 0.0314 0.0021 0.0003 0.9659 0.0002 
16       16   (0)      4 :  0.0001 0.0005 0.0001 0.0001 0.9991 0.0001 
17       17   (0)      5 :  0.9892 0.0001 0.0001 0.0001 0.0002 0.0103 
18       18   (0)      5 :  0.9890 0.0004 0.0001 0.0001 0.0006 0.0099 
19       19   (0)      5 :  0.9894 0.0001 0.0001 0.0002 0.0002 0.0100 
20       20   (0)      5 :  0.9766 0.0058 0.0012 0.0038 0.0018 0.0108 
21       21   (0)      6 :  0.0170 0.0101 0.0001 0.0086 0.0001 0.9641 
22       22   (0)      6 :  0.0080 0.0028 0.0001 0.0017 0.0001 0.9873 
23       23   (0)      6 :  0.0016 0.0008 0.0001 0.0007 0.0001 0.9967 
24       24   (0)      6 :  0.0018 0.0034 0.0003 0.0008 0.0001 0.9936 
25       25   (0)      7 :  0.0664 0.0341 0.2366 0.0007 0.0035 0.6587 
26       26   (0)      7 :  0.0071 0.0712 0.1595 0.0011 0.0064 0.7547 
27       27   (0)      7 :  0.0191 0.0558 0.1752 0.0011 0.0017 0.7473 
28       28   (0)      7 :  0.0795 0.0374 0.2432 0.0066 0.0030 0.6303 
29       29   (0)      8 :  0.0048 0.0330 0.0001 0.1104 0.0081 0.8437 
30       30   (0)      8 :  0.0133 0.0308 0.0001 0.0355 0.0453 0.8749 
31       31   (0)      8 :  0.0019 0.0185 0.0001 0.0336 0.0027 0.9432 
32       32   (0)      8 :  0.0011 0.0150 0.0001 0.0188 0.0001 0.9648 
33       33   (0)      9 :  0.0148 0.1946 0.0001 0.0205 0.5168 0.2532 
34       34   (0)      9 :  0.0116 0.2018 0.0001 0.0016 0.5464 0.2385 
35       35   (0)      9 :  0.0129 0.2022 0.0001 0.0006 0.5431 0.2411 
36       36   (0)      9 :  0.0108 0.2033 0.0003 0.0089 0.5290 0.2477 
37       37   (0)     10 :  0.0242 0.4133 0.0299 0.4693 0.0313 0.0319 
38       38   (0)     10 :  0.0032 0.4524 0.0049 0.4978 0.0407 0.0010 
39       39   (0)     10 :  0.0062 0.4260 0.0145 0.4486 0.0617 0.0431 
40       40   (0)     10 :  0.0064 0.4470 0.0091 0.4952 0.0380 0.0042 
41       41   (0)     11 :  0.0015 0.1352 0.0001 0.8245 0.0001 0.0386 
42       42   (0)     11 :  0.0012 0.2838 0.0001 0.5304 0.0109 0.1737 
43       43   (0)     11 :  0.0005 0.2945 0.0029 0.5237 0.0198 0.1587 
44       44   (0)     11 :  0.0370 0.1950 0.0298 0.5444 0.0226 0.1712 
45       45   (0)     12 :  0.0002 0.0012 0.0001 0.9978 0.0005 0.0001 
46       46   (0)     12 :  0.0001 0.0001 0.0001 0.9995 0.0001 0.0001 
47       47   (0)     12 :  0.0001 0.0001 0.0001 0.9995 0.0001 0.0001 
48       48   (0)     12 :  0.0001 0.0001 0.0001 0.9994 0.0002 0.0001 
