1        1   (0)      1  : 0.9131 0.0050 0.0276 0.0185 0.0001 0.0355 0.0001 0.0001
2        2   (0)      1  : 0.9191 0.0140 0.0199 0.0181 0.0001 0.0287 0.0001 0.0001
3        3   (0)      1  : 0.9978 0.0001 0.0001 0.0001 0.0016 0.0001 0.0001 0.0001
4        4   (0)      1  : 0.9922 0.0001 0.0001 0.0001 0.0061 0.0001 0.0012 0.0001
5        5   (0)      2  : 0.0592 0.2072 0.2487 0.0215 0.0032 0.4482 0.0118 0.0001
6        6   (0)      2  : 0.0543 0.2004 0.3010 0.0235 0.0001 0.4202 0.0003 0.0001
7        7   (0)      2  : 0.0544 0.2036 0.2833 0.0108 0.0007 0.4469 0.0001 0.0002
8        8   (0)      2  : 0.0519 0.2139 0.2504 0.0205 0.0008 0.4500 0.0124 0.0001
9        9   (0)      3  : 0.0001 0.0001 0.9993 0.0001 0.0001 0.0001 0.0001 0.0001
10       10   (0)      3  : 0.0001 0.0001 0.9993 0.0001 0.0001 0.0001 0.0001 0.0001
11       11   (0)      3  : 0.0001 0.0001 0.9993 0.0001 0.0001 0.0001 0.0001 0.0001
12       12   (0)      3  : 0.0427 0.0256 0.7907 0.0182 0.0403 0.0430 0.0002 0.0395
13       13   (0)      4  : 0.1191 0.1769 0.0114 0.0046 0.0006 0.6873 0.0001 0.0001
14       14   (0)      4  : 0.0001 0.0001 0.0001 0.0001 0.0001 0.9993 0.0001 0.0001
15       15   (0)      4  : 0.0494 0.0016 0.0022 0.0003 0.0003 0.9249 0.0011 0.0202
16       16   (0)      4  : 0.0001 0.0001 0.0001 0.0001 0.0001 0.9993 0.0001 0.0001
17       17   (0)      5  : 0.0001 0.0001 0.0001 0.9981 0.0001 0.0003 0.0001 0.0012
18       18   (0)      5  : 0.0010 0.0007 0.0001 0.9973 0.0001 0.0006 0.0001 0.0001
19       19   (0)      5  : 0.0001 0.0001 0.0001 0.9985 0.0001 0.0001 0.0009 0.0001
20       20   (0)      5  : 0.0015 0.0100 0.0005 0.9795 0.0079 0.0001 0.0005 0.0001
21       21   (0)      6  : 0.0059 0.0267 0.0001 0.0118 0.0004 0.0001 0.0115 0.9434
22       22   (0)      6  : 0.0001 0.0041 0.0001 0.0094 0.0001 0.0001 0.0014 0.9846
23       23   (0)      6  : 0.0001 0.0003 0.0001 0.0001 0.0001 0.0001 0.0001 0.9991
24       24   (0)      6  : 0.0040 0.0065 0.0001 0.0001 0.0001 0.0005 0.0001 0.9886
25       25   (0)      7  : 0.0731 0.0001 0.2101 0.0576 0.0001 0.0033 0.0001 0.6557
26       26   (0)      7  : 0.1340 0.0001 0.1231 0.0011 0.0017 0.0001 0.0001 0.7397
27       27   (0)      7  : 0.1069 0.0001 0.1401 0.0120 0.0013 0.0001 0.0001 0.7394
28       28   (0)      7  : 0.0824 0.0001 0.2121 0.0748 0.0004 0.0004 0.0050 0.6249
29       29   (0)      8  : 0.0001 0.0045 0.0001 0.0020 0.0773 0.0176 0.0652 0.8331
30       30   (0)      8  : 0.0001 0.0909 0.0001 0.0092 0.0268 0.0098 0.0211 0.8421
31       31   (0)      8  : 0.0001 0.0001 0.0001 0.0003 0.0430 0.0128 0.0079 0.9358
32       32   (0)      8  : 0.0001 0.0001 0.0001 0.0001 0.0364 0.0007 0.0001 0.9625
33       33   (0)      9  : 0.0008 0.9483 0.0001 0.0021 0.0003 0.0003 0.0173 0.0307
34       34   (0)      9  : 0.0001 0.9876 0.0001 0.0001 0.0001 0.0001 0.0001 0.0118
35       35   (0)      9  : 0.0007 0.9869 0.0001 0.0001 0.0001 0.0001 0.0001 0.0119
36       36   (0)      9  : 0.0019 0.9604 0.0026 0.0001 0.0001 0.0031 0.0062 0.0256
37       37   (0)     10  : 0.0031 0.0184 0.0270 0.0224 0.9068 0.0039 0.0143 0.0043
38       38   (0)     10  : 0.0001 0.0001 0.0001 0.0001 0.9993 0.0001 0.0001 0.0001
39       39   (0)     10  : 0.0241 0.0106 0.0077 0.0025 0.9206 0.0192 0.0013 0.0140
40       40   (0)     10  : 0.0001 0.0001 0.0001 0.0001 0.9993 0.0001 0.0001 0.0001
41       41   (0)     11  : 0.0001 0.0001 0.0001 0.0001 0.3410 0.0001 0.6149 0.0436
42       42   (0)     11  : 0.0001 0.0004 0.0001 0.0001 0.6990 0.0001 0.1537 0.1465
43       43   (0)     11  : 0.0011 0.0005 0.0003 0.0001 0.7199 0.0010 0.1406 0.1364
44       44   (0)     11  : 0.0001 0.0359 0.0243 0.0332 0.4711 0.0023 0.2796 0.1535
45       45   (0)     12  : 0.0001 0.0035 0.0001 0.0001 0.0001 0.0007 0.9953 0.0001
46       46   (0)     12  : 0.0001 0.0001 0.0001 0.0001 0.0001 0.0001 0.9993 0.0001
47       47   (0)     12  : 0.0001 0.0001 0.0001 0.0001 0.0001 0.0001 0.9993 0.0001
48       48   (0)     12  : 0.0002 0.0001 0.0001 0.0001 0.0001 0.0004 0.9989 0.0001
