 1        1   (0)      1 :  0.1556 0.5852 0.1022 0.1569 
 2        2   (0)      1 :  0.1628 0.5910 0.0929 0.1533 
 3        3   (0)      1 :  0.1278 0.5488 0.1955 0.1279 
 4        4   (0)      1 :  0.1593 0.5405 0.1838 0.1164 
 5        5   (0)      2 :  0.0003 0.7834 0.0092 0.2071 
 6        6   (0)      2 :  0.0001 0.7566 0.0001 0.2432 
 7        7   (0)      2 :  0.0001 0.7752 0.0001 0.2246 
 8        8   (0)      2 :  0.0001 0.7876 0.0057 0.2066 
 9        9   (0)      3 :  0.0001 0.3698 0.0002 0.6298 
10       10   (0)      3 :  0.0001 0.3698 0.0002 0.6298 
11       11   (0)      3 :  0.0001 0.3694 0.0007 0.6298 
12       12   (0)      3 :  0.0553 0.3910 0.0331 0.5206 
13       13   (0)      4 :  0.0273 0.9539 0.0001 0.0187 
14       14   (0)      4 :  0.0010 0.9985 0.0001 0.0004 
15       15   (0)      4 :  0.0188 0.9805 0.0003 0.0005 
16       16   (0)      4 :  0.0007 0.9990 0.0001 0.0002 
17       17   (0)      5 :  0.6261 0.0200 0.0001 0.3538 
18       18   (0)      5 :  0.6130 0.0369 0.0001 0.3500 
19       19   (0)      5 :  0.6219 0.0246 0.0001 0.3533 
20       20   (0)      5 :  0.6108 0.0348 0.0020 0.3524 
21       21   (0)      6 :  0.9265 0.0001 0.0678 0.0056 
22       22   (0)      6 :  0.9391 0.0001 0.0590 0.0019 
23       23   (0)      6 :  0.9617 0.0001 0.0376 0.0005 
24       24   (0)      6 :  0.9614 0.0001 0.0381 0.0004 
25       25   (0)      7 :  0.6896 0.0980 0.0290 0.1834 
26       26   (0)      7 :  0.7440 0.0761 0.0579 0.1221 
27       27   (0)      7 :  0.7450 0.0721 0.0505 0.1324 
28       28   (0)      7 :  0.6658 0.0970 0.0460 0.1913 
29       29   (0)      8 :  0.7954 0.0021 0.1973 0.0052 
30       30   (0)      8 :  0.8537 0.0343 0.1040 0.0080 
31       31   (0)      8 :  0.8788 0.0004 0.1175 0.0034 
32       32   (0)      8 :  0.8852 0.0001 0.1111 0.0036 
33       33   (0)      9 :  0.3711 0.5983 0.0256 0.0049 
34       34   (0)      9 :  0.3590 0.6294 0.0089 0.0028 
35       35   (0)      9 :  0.3631 0.6266 0.0068 0.0036 
36       36   (0)      9 :  0.3635 0.6205 0.0148 0.0012 
37       37   (0)     10 :  0.0547 0.1197 0.7568 0.0688 
38       38   (0)     10 :  0.0022 0.1217 0.8336 0.0425 
39       39   (0)     10 :  0.0574 0.1459 0.7421 0.0546 
40       40   (0)     10 :  0.0100 0.1105 0.8267 0.0529 
41       41   (0)     11 :  0.0302 0.0001 0.9575 0.0122 
42       42   (0)     11 :  0.1714 0.0289 0.7778 0.0219 
43       43   (0)     11 :  0.1478 0.0535 0.7711 0.0276 
44       44   (0)     11 :  0.1850 0.0556 0.7091 0.0503 
45       45   (0)     12 :  0.0001 0.0002 0.9996 0.0001 
46       46   (0)     12 :  0.0001 0.0001 0.9997 0.0001 
47       47   (0)     12 :  0.0001 0.0001 0.9997 0.0001 
48       48   (0)     12 :  0.0001 0.0001 0.9997 0.0001 
