1        1   (0)      1  : 0.5729 0.0001 0.1210 0.0712 0.1235 0.0002 0.1111
2        2   (0)      1  : 0.5754 0.0001 0.1147 0.0789 0.1213 0.0001 0.1096
3        3   (0)      1  : 0.5617 0.0001 0.0678 0.0345 0.2445 0.0001 0.0913
4        4   (0)      1  : 0.5437 0.0001 0.0595 0.0404 0.2334 0.0001 0.1228
5        5   (0)      2  : 0.3690 0.2415 0.3535 0.0285 0.0002 0.0072 0.0001
6        6   (0)      2  : 0.3461 0.2095 0.4119 0.0322 0.0001 0.0001 0.0001
7        7   (0)      2  : 0.3720 0.2255 0.3890 0.0132 0.0001 0.0001 0.0001
8        8   (0)      2  : 0.3616 0.2519 0.3549 0.0251 0.0001 0.0064 0.0001
9        9   (0)      3  : 0.0001 0.0001 0.9994 0.0001 0.0001 0.0001 0.0001
10       10   (0)      3  : 0.0001 0.0001 0.9994 0.0001 0.0001 0.0001 0.0001
11       11   (0)      3  : 0.0001 0.0001 0.9994 0.0001 0.0001 0.0001 0.0001
12       12   (0)      3  : 0.0521 0.0221 0.8119 0.0192 0.0423 0.0003 0.0522
13       13   (0)      4  : 0.7877 0.1909 0.0171 0.0038 0.0003 0.0001 0.0001
14       14   (0)      4  : 0.9985 0.0010 0.0001 0.0001 0.0001 0.0001 0.0001
15       15   (0)      4  : 0.9910 0.0057 0.0001 0.0001 0.0001 0.0021 0.0009
16       16   (0)      4  : 0.9992 0.0003 0.0001 0.0001 0.0001 0.0001 0.0001
17       17   (0)      5  : 0.0001 0.0001 0.0001 0.9990 0.0001 0.0001 0.0005
18       18   (0)      5  : 0.0003 0.0006 0.0001 0.9986 0.0001 0.0001 0.0001
19       19   (0)      5  : 0.0001 0.0001 0.0001 0.9989 0.0001 0.0006 0.0001
20       20   (0)      5  : 0.0001 0.0105 0.0003 0.9815 0.0062 0.0014 0.0001
21       21   (0)      6  : 0.0001 0.0323 0.0001 0.0104 0.0001 0.0097 0.9474
22       22   (0)      6  : 0.0001 0.0093 0.0001 0.0070 0.0001 0.0028 0.9806
23       23   (0)      6  : 0.0001 0.0015 0.0001 0.0001 0.0001 0.0001 0.9980
24       24   (0)      6  : 0.0001 0.0100 0.0001 0.0001 0.0001 0.0001 0.9895
25       25   (0)      7  : 0.0210 0.0001 0.2361 0.0672 0.0001 0.0002 0.6754
26       26   (0)      7  : 0.0311 0.0012 0.1680 0.0051 0.0228 0.0001 0.7717
27       27   (0)      7  : 0.0091 0.0013 0.1835 0.0207 0.0118 0.0001 0.7736
28       28   (0)      7  : 0.0157 0.0001 0.2465 0.0794 0.0030 0.0056 0.6496
29       29   (0)      8  : 0.0008 0.0133 0.0001 0.0031 0.0646 0.0712 0.8469
30       30   (0)      8  : 0.0038 0.1002 0.0001 0.0095 0.0209 0.0241 0.8415
31       31   (0)      8  : 0.0078 0.0004 0.0001 0.0001 0.0360 0.0135 0.9421
32       32   (0)      8  : 0.0001 0.0001 0.0001 0.0001 0.0279 0.0018 0.9699
33       33   (0)      9  : 0.0008 0.9560 0.0003 0.0015 0.0003 0.0166 0.0244
34       34   (0)      9  : 0.0001 0.9902 0.0001 0.0001 0.0001 0.0001 0.0093
35       35   (0)      9  : 0.0001 0.9907 0.0001 0.0001 0.0001 0.0001 0.0088
36       36   (0)      9  : 0.0014 0.9747 0.0005 0.0001 0.0001 0.0034 0.0198
37       37   (0)     10  : 0.0002 0.0279 0.0238 0.0179 0.9057 0.0218 0.0027
38       38   (0)     10  : 0.0001 0.0001 0.0001 0.0001 0.9994 0.0001 0.0001
39       39   (0)     10  : 0.0169 0.0266 0.0131 0.0037 0.9276 0.0042 0.0079
40       40   (0)     10  : 0.0001 0.0001 0.0001 0.0001 0.9994 0.0001 0.0001
41       41   (0)     11  : 0.0001 0.0001 0.0001 0.0008 0.3427 0.6169 0.0393
42       42   (0)     11  : 0.0001 0.0015 0.0001 0.0001 0.6887 0.1636 0.1458
43       43   (0)     11  : 0.0001 0.0066 0.0001 0.0001 0.7077 0.1521 0.1333
44       44   (0)     11  : 0.0001 0.0484 0.0231 0.0320 0.4603 0.2859 0.1503
45       45   (0)     12  : 0.0001 0.0037 0.0001 0.0001 0.0001 0.9958 0.0001
46       46   (0)     12  : 0.0001 0.0001 0.0001 0.0001 0.0001 0.9994 0.0001
47       47   (0)     12  : 0.0001 0.0001 0.0001 0.0001 0.0001 0.9994 0.0001
48       48   (0)     12  : 0.0001 0.0001 0.0001 0.0001 0.0001 0.9994 0.0001
