 1        1   (0)      1 :  0.0071 0.0199 0.0224 0.0114 0.0359 0.0001 0.0934 0.0121 0.7976 
 2        2   (0)      1 :  0.0055 0.0208 0.0233 0.0116 0.0293 0.0001 0.0904 0.0181 0.8009 
 3        3   (0)      1 :  0.0141 0.0031 0.0250 0.0107 0.0072 0.0001 0.0001 0.0001 0.9396 
 4        4   (0)      1 :  0.0152 0.0036 0.0262 0.0138 0.0064 0.0008 0.0007 0.0001 0.9333 
 5        5   (0)      2 :  0.9286 0.0034 0.0046 0.0005 0.0261 0.0084 0.0043 0.0179 0.0063 
 6        6   (0)      2 :  0.9429 0.0019 0.0001 0.0001 0.0330 0.0001 0.0033 0.0139 0.0046 
 7        7   (0)      2 :  0.9472 0.0005 0.0003 0.0002 0.0286 0.0001 0.0036 0.0148 0.0047 
 8        8   (0)      2 :  0.9118 0.0029 0.0002 0.0006 0.0267 0.0102 0.0088 0.0339 0.0049 
 9        9   (0)      3 :  0.0001 0.0001 0.0001 0.0001 0.9992 0.0001 0.0001 0.0001 0.0001 
10       10   (0)      3 :  0.0001 0.0001 0.0001 0.0001 0.9992 0.0001 0.0001 0.0001 0.0001 
11       11   (0)      3 :  0.0001 0.0001 0.0001 0.0001 0.9992 0.0001 0.0001 0.0001 0.0001 
12       12   (0)      3 :  0.0477 0.0175 0.0276 0.0251 0.7645 0.0014 0.0381 0.0379 0.0402 
13       13   (0)      4 :  0.1173 0.0027 0.0005 0.0001 0.0139 0.0001 0.3291 0.3565 0.1797 
14       14   (0)      4 :  0.0800 0.0001 0.0001 0.0001 0.0001 0.0001 0.5096 0.3098 0.1000 
15       15   (0)      4 :  0.0776 0.0003 0.0012 0.0101 0.0039 0.0023 0.4759 0.2774 0.1512 
16       16   (0)      4 :  0.0800 0.0001 0.0001 0.0001 0.0001 0.0001 0.5097 0.3098 0.1000 
17       17   (0)      5 :  0.0001 0.9978 0.0002 0.0011 0.0003 0.0001 0.0003 0.0001 0.0001 
18       18   (0)      5 :  0.0002 0.9966 0.0001 0.0001 0.0001 0.0001 0.0013 0.0009 0.0006 
19       19   (0)      5 :  0.0002 0.9983 0.0001 0.0001 0.0001 0.0007 0.0003 0.0001 0.0001 
20       20   (0)      5 :  0.0049 0.9766 0.0069 0.0004 0.0004 0.0010 0.0008 0.0081 0.0010 
21       21   (0)      6 :  0.0001 0.0136 0.0046 0.9204 0.0001 0.0092 0.0183 0.0242 0.0095 
22       22   (0)      6 :  0.0004 0.0078 0.0042 0.9609 0.0001 0.0019 0.0181 0.0059 0.0007 
23       23   (0)      6 :  0.0001 0.0001 0.0035 0.9796 0.0004 0.0001 0.0148 0.0011 0.0002 
24       24   (0)      6 :  0.0001 0.0001 0.0034 0.9671 0.0003 0.0001 0.0151 0.0069 0.0068 
25       25   (0)      7 :  0.0440 0.0450 0.0576 0.4891 0.1370 0.0001 0.1868 0.0005 0.0398 
26       26   (0)      7 :  0.0439 0.0002 0.0680 0.5545 0.0682 0.0002 0.1960 0.0001 0.0690 
27       27   (0)      7 :  0.0488 0.0042 0.0645 0.5575 0.0780 0.0002 0.1973 0.0002 0.0493 
28       28   (0)      7 :  0.0366 0.0563 0.0567 0.4709 0.1478 0.0033 0.1820 0.0001 0.0463 
29       29   (0)      8 :  0.0025 0.0045 0.0621 0.8084 0.0002 0.0660 0.0483 0.0078 0.0003 
30       30   (0)      8 :  0.0015 0.0101 0.0259 0.8174 0.0003 0.0198 0.0391 0.0850 0.0007 
31       31   (0)      8 :  0.0010 0.0002 0.0283 0.9040 0.0001 0.0050 0.0593 0.0010 0.0011 
32       32   (0)      8 :  0.0001 0.0001 0.0239 0.9296 0.0001 0.0006 0.0454 0.0001 0.0001 
33       33   (0)      9 :  0.0010 0.0063 0.0019 0.0870 0.0004 0.0211 0.0029 0.8768 0.0026 
34       34   (0)      9 :  0.0007 0.0024 0.0019 0.0754 0.0001 0.0004 0.0015 0.9176 0.0001 
35       35   (0)      9 :  0.0019 0.0037 0.0010 0.0767 0.0001 0.0005 0.0028 0.9130 0.0004 
36       36   (0)      9 :  0.0202 0.0008 0.0007 0.0826 0.0016 0.0102 0.0030 0.8805 0.0005 
37       37   (0)     10 :  0.0228 0.0198 0.8126 0.0095 0.0152 0.0688 0.0236 0.0112 0.0165 
38       38   (0)     10 :  0.0002 0.0001 0.9297 0.0001 0.0001 0.0526 0.0001 0.0014 0.0157 
39       39   (0)     10 :  0.0125 0.0021 0.8472 0.0226 0.0057 0.0515 0.0105 0.0124 0.0354 
40       40   (0)     10 :  0.0001 0.0002 0.9306 0.0001 0.0003 0.0523 0.0002 0.0009 0.0152 
41       41   (0)     11 :  0.0001 0.0007 0.2656 0.0346 0.0001 0.6274 0.0697 0.0001 0.0017 
42       42   (0)     11 :  0.0001 0.0002 0.5098 0.1158 0.0001 0.1613 0.2069 0.0012 0.0047 
43       43   (0)     11 :  0.0010 0.0001 0.5224 0.1034 0.0004 0.1532 0.2128 0.0013 0.0054 
44       44   (0)     11 :  0.0059 0.0342 0.3659 0.1398 0.0241 0.2891 0.1070 0.0328 0.0012 
45       45   (0)     12 :  0.0005 0.0002 0.0001 0.0001 0.0001 0.9957 0.0002 0.0030 0.0001 
46       46   (0)     12 :  0.0001 0.0001 0.0001 0.0001 0.0001 0.9991 0.0001 0.0001 0.0002 
47       47   (0)     12 :  0.0001 0.0001 0.0001 0.0001 0.0001 0.9992 0.0001 0.0001 0.0001 
48       48   (0)     12 :  0.0001 0.0001 0.0001 0.0001 0.0001 0.9987 0.0004 0.0001 0.0002 
