1        1   (0)      1  : 0.6227 0.0001 0.1204 0.0710 0.1223 0.0635
2        2   (0)      1  : 0.6277 0.0001 0.1128 0.0761 0.1250 0.0583
3        3   (0)      1  : 0.6439 0.0001 0.0643 0.0299 0.1168 0.1449
4        4   (0)      1  : 0.6186 0.0001 0.0598 0.0362 0.1488 0.1365
5        5   (0)      2  : 0.2978 0.3147 0.3606 0.0261 0.0001 0.0007
6        6   (0)      2  : 0.2721 0.2779 0.4194 0.0304 0.0001 0.0001
7        7   (0)      2  : 0.2958 0.2939 0.3995 0.0106 0.0001 0.0001
8        8   (0)      2  : 0.2913 0.3259 0.3608 0.0218 0.0001 0.0002
9        9   (0)      3  : 0.0001 0.0001 0.9995 0.0001 0.0001 0.0001
10       10   (0)      3  : 0.0001 0.0001 0.9995 0.0001 0.0001 0.0001
11       11   (0)      3  : 0.0001 0.0001 0.9995 0.0001 0.0001 0.0001
12       12   (0)      3  : 0.0543 0.0198 0.8146 0.0223 0.0624 0.0266
13       13   (0)      4  : 0.7870 0.1979 0.0125 0.0024 0.0001 0.0001
14       14   (0)      4  : 0.9973 0.0023 0.0001 0.0001 0.0001 0.0001
15       15   (0)      4  : 0.9808 0.0182 0.0001 0.0001 0.0006 0.0001
16       16   (0)      4  : 0.9984 0.0012 0.0001 0.0001 0.0001 0.0001
17       17   (0)      5  : 0.0001 0.0001 0.0001 0.9992 0.0004 0.0001
18       18   (0)      5  : 0.0004 0.0012 0.0001 0.9981 0.0001 0.0001
19       19   (0)      5  : 0.0001 0.0002 0.0001 0.9993 0.0001 0.0002
20       20   (0)      5  : 0.0001 0.0108 0.0014 0.9828 0.0001 0.0048
21       21   (0)      6  : 0.0001 0.0302 0.0001 0.0147 0.9514 0.0035
22       22   (0)      6  : 0.0001 0.0087 0.0001 0.0057 0.9852 0.0001
23       23   (0)      6  : 0.0001 0.0007 0.0001 0.0001 0.9989 0.0001
24       24   (0)      6  : 0.0001 0.0105 0.0001 0.0001 0.9891 0.0001
25       25   (0)      7  : 0.0170 0.0001 0.2394 0.0657 0.6776 0.0001
26       26   (0)      7  : 0.0306 0.0011 0.1731 0.0059 0.7885 0.0009
27       27   (0)      7  : 0.0080 0.0006 0.1894 0.0215 0.7786 0.0019
28       28   (0)      7  : 0.0143 0.0001 0.2466 0.0805 0.6517 0.0069
29       29   (0)      8  : 0.0004 0.0210 0.0001 0.0037 0.8419 0.1328
30       30   (0)      8  : 0.0006 0.1016 0.0001 0.0130 0.8453 0.0394
31       31   (0)      8  : 0.0055 0.0013 0.0001 0.0001 0.9513 0.0417
32       32   (0)      8  : 0.0001 0.0001 0.0001 0.0001 0.9755 0.0241
33       33   (0)      9  : 0.0003 0.9474 0.0001 0.0011 0.0392 0.0118
34       34   (0)      9  : 0.0001 0.9823 0.0001 0.0001 0.0173 0.0001
35       35   (0)      9  : 0.0001 0.9816 0.0001 0.0001 0.0180 0.0001
36       36   (0)      9  : 0.0001 0.9706 0.0009 0.0001 0.0278 0.0005
37       37   (0)     10  : 0.0797 0.0354 0.0471 0.0324 0.0440 0.7615
38       38   (0)     10  : 0.1199 0.0114 0.0114 0.0087 0.0036 0.8450
39       39   (0)     10  : 0.1308 0.0153 0.0268 0.0101 0.0690 0.7480
40       40   (0)     10  : 0.1139 0.0033 0.0183 0.0171 0.0103 0.8371
41       41   (0)     11  : 0.0001 0.0001 0.0001 0.0018 0.0395 0.9584
42       42   (0)     11  : 0.0242 0.0152 0.0001 0.0009 0.1939 0.7657
43       43   (0)     11  : 0.0466 0.0104 0.0052 0.0002 0.1763 0.7613
44       44   (0)     11  : 0.0044 0.0655 0.0328 0.0376 0.1563 0.7034
45       45   (0)     12  : 0.0001 0.0057 0.0001 0.0001 0.0001 0.9939
46       46   (0)     12  : 0.0001 0.0001 0.0001 0.0001 0.0001 0.9995
47       47   (0)     12  : 0.0001 0.0001 0.0001 0.0001 0.0001 0.9995
48       48   (0)     12  : 0.0001 0.0001 0.0001 0.0001 0.0001 0.9995
