 1        1   (0)      1 :  0.0124 0.0001 0.0630 0.0001 0.0025 0.0001 0.1112 0.7564 0.0293 0.0249 
 2        2   (0)      1 :  0.0124 0.0002 0.0690 0.0001 0.0017 0.0001 0.1146 0.7599 0.0254 0.0166 
 3        3   (0)      1 :  0.0001 0.0001 0.0001 0.0001 0.0001 0.0011 0.0002 0.9981 0.0001 0.0001 
 4        4   (0)      1 :  0.0002 0.0020 0.0015 0.0008 0.0002 0.0042 0.0009 0.9900 0.0001 0.0001 
 5        5   (0)      2 :  0.0032 0.0004 0.0126 0.0080 0.8886 0.0063 0.0101 0.0082 0.0389 0.0236 
 6        6   (0)      2 :  0.0014 0.0001 0.0001 0.0001 0.9269 0.0001 0.0005 0.0076 0.0337 0.0295 
 7        7   (0)      2 :  0.0006 0.0002 0.0002 0.0001 0.9271 0.0001 0.0013 0.0075 0.0365 0.0262 
 8        8   (0)      2 :  0.0023 0.0008 0.0214 0.0110 0.8742 0.0002 0.0100 0.0066 0.0485 0.0249 
 9        9   (0)      3 :  0.0001 0.0001 0.0001 0.0001 0.0001 0.0001 0.0001 0.0001 0.0001 0.9991 
10       10   (0)      3 :  0.0001 0.0001 0.0001 0.0001 0.0001 0.0001 0.0001 0.0001 0.0001 0.9991 
11       11   (0)      3 :  0.0001 0.0001 0.0001 0.0001 0.0001 0.0001 0.0001 0.0001 0.0001 0.9991 
12       12   (0)      3 :  0.0155 0.0166 0.0249 0.0002 0.0469 0.0217 0.0407 0.0325 0.0420 0.7588 
13       13   (0)      4 :  0.0037 0.0001 0.1278 0.0001 0.0739 0.0013 0.0041 0.1096 0.6646 0.0147 
14       14   (0)      4 :  0.0001 0.0001 0.0001 0.0001 0.0001 0.0001 0.0001 0.0001 0.9991 0.0001 
15       15   (0)      4 :  0.0006 0.0156 0.0043 0.0017 0.0040 0.0010 0.0063 0.0436 0.9181 0.0046 
16       16   (0)      4 :  0.0001 0.0001 0.0001 0.0001 0.0001 0.0001 0.0001 0.0001 0.9991 0.0001 
17       17   (0)      5 :  0.9971 0.0006 0.0001 0.0002 0.0003 0.0001 0.0010 0.0001 0.0001 0.0004 
18       18   (0)      5 :  0.9956 0.0001 0.0005 0.0001 0.0002 0.0001 0.0002 0.0007 0.0024 0.0001 
19       19   (0)      5 :  0.9980 0.0002 0.0002 0.0007 0.0001 0.0001 0.0002 0.0001 0.0003 0.0001 
20       20   (0)      5 :  0.9753 0.0003 0.0078 0.0009 0.0051 0.0054 0.0026 0.0013 0.0003 0.0010 
21       21   (0)      6 :  0.0167 0.8902 0.0314 0.0090 0.0027 0.0013 0.0365 0.0119 0.0001 0.0001 
22       22   (0)      6 :  0.0108 0.9375 0.0078 0.0015 0.0030 0.0002 0.0381 0.0008 0.0001 0.0002 
23       23   (0)      6 :  0.0001 0.9606 0.0034 0.0001 0.0017 0.0001 0.0334 0.0003 0.0001 0.0001 
24       24   (0)      6 :  0.0001 0.9484 0.0077 0.0001 0.0014 0.0001 0.0312 0.0101 0.0001 0.0008 
25       25   (0)      7 :  0.0310 0.2660 0.0112 0.0001 0.0617 0.0002 0.5191 0.0205 0.0037 0.0865 
26       26   (0)      7 :  0.0001 0.3204 0.0036 0.0001 0.0621 0.0070 0.5326 0.0367 0.0001 0.0373 
27       27   (0)      7 :  0.0022 0.3198 0.0036 0.0003 0.0648 0.0029 0.5373 0.0252 0.0001 0.0438 
28       28   (0)      7 :  0.0412 0.2574 0.0104 0.0019 0.0572 0.0001 0.5107 0.0252 0.0014 0.0945 
29       29   (0)      8 :  0.0062 0.7747 0.0407 0.0565 0.0031 0.0683 0.0309 0.0001 0.0191 0.0003 
30       30   (0)      8 :  0.0135 0.7764 0.0924 0.0165 0.0075 0.0269 0.0439 0.0007 0.0220 0.0002 
31       31   (0)      8 :  0.0001 0.8703 0.0532 0.0011 0.0007 0.0227 0.0369 0.0009 0.0139 0.0001 
32       32   (0)      8 :  0.0001 0.8944 0.0524 0.0001 0.0001 0.0206 0.0318 0.0001 0.0004 0.0001 
33       33   (0)      9 :  0.0054 0.0471 0.7664 0.0189 0.0550 0.0023 0.0038 0.0026 0.0977 0.0009 
34       34   (0)      9 :  0.0013 0.0373 0.8006 0.0001 0.0585 0.0003 0.0007 0.0001 0.1011 0.0001 
35       35   (0)      9 :  0.0017 0.0378 0.8003 0.0001 0.0585 0.0004 0.0017 0.0005 0.0989 0.0001 
36       36   (0)      9 :  0.0007 0.0398 0.7732 0.0076 0.0728 0.0001 0.0083 0.0010 0.0952 0.0012 
37       37   (0)     10 :  0.0183 0.0091 0.0164 0.0282 0.0239 0.8403 0.0394 0.0097 0.0005 0.0142 
38       38   (0)     10 :  0.0001 0.0001 0.0004 0.0075 0.0001 0.9891 0.0001 0.0024 0.0001 0.0001 
39       39   (0)     10 :  0.0018 0.0261 0.0086 0.0149 0.0097 0.8924 0.0052 0.0249 0.0111 0.0053 
40       40   (0)     10 :  0.0001 0.0001 0.0002 0.0078 0.0001 0.9891 0.0003 0.0020 0.0001 0.0002 
41       41   (0)     11 :  0.0005 0.0255 0.0285 0.5936 0.0004 0.2397 0.1105 0.0010 0.0001 0.0001 
42       42   (0)     11 :  0.0002 0.0801 0.0648 0.0973 0.0009 0.4176 0.3380 0.0009 0.0001 0.0001 
43       43   (0)     11 :  0.0001 0.0681 0.0650 0.0909 0.0016 0.4266 0.3454 0.0011 0.0012 0.0002 
44       44   (0)     11 :  0.0326 0.1217 0.0728 0.2464 0.0056 0.3283 0.1598 0.0004 0.0068 0.0256 
45       45   (0)     12 :  0.0004 0.0001 0.0019 0.9952 0.0014 0.0001 0.0001 0.0001 0.0005 0.0001 
46       46   (0)     12 :  0.0001 0.0001 0.0001 0.9988 0.0001 0.0002 0.0001 0.0002 0.0001 0.0001 
47       47   (0)     12 :  0.0001 0.0001 0.0001 0.9990 0.0001 0.0001 0.0001 0.0001 0.0001 0.0002 
48       48   (0)     12 :  0.0002 0.0001 0.0002 0.9982 0.0002 0.0001 0.0002 0.0002 0.0005 0.0001 
