1        1   (0)      1  : 0.0505 0.8963 0.0362 0.0168 0.0001 0.0001
2        2   (0)      1  : 0.0531 0.8974 0.0288 0.0205 0.0001 0.0001
3        3   (0)      1  : 0.0001 0.9995 0.0001 0.0001 0.0001 0.0001
4        4   (0)      1  : 0.0001 0.9995 0.0001 0.0001 0.0001 0.0001
5        5   (0)      2  : 0.6116 0.0373 0.3127 0.0320 0.0001 0.0064
6        6   (0)      2  : 0.5584 0.0408 0.3699 0.0307 0.0001 0.0001
7        7   (0)      2  : 0.5955 0.0381 0.3509 0.0153 0.0001 0.0001
8        8   (0)      2  : 0.6260 0.0218 0.3155 0.0301 0.0001 0.0065
9        9   (0)      3  : 0.0001 0.0001 0.9995 0.0001 0.0001 0.0001
10       10   (0)      3  : 0.0001 0.0001 0.9995 0.0001 0.0001 0.0001
11       11   (0)      3  : 0.0001 0.0001 0.9995 0.0001 0.0001 0.0001
12       12   (0)      3  : 0.0521 0.0543 0.8065 0.0207 0.0459 0.0205
13       13   (0)      4  : 0.8442 0.1532 0.0024 0.0001 0.0001 0.0001
14       14   (0)      4  : 0.9995 0.0001 0.0001 0.0001 0.0001 0.0001
15       15   (0)      4  : 0.8943 0.1053 0.0001 0.0001 0.0001 0.0001
16       16   (0)      4  : 0.9985 0.0011 0.0001 0.0001 0.0001 0.0001
17       17   (0)      5  : 0.0001 0.0001 0.0001 0.9985 0.0011 0.0001
18       18   (0)      5  : 0.0006 0.0003 0.0001 0.9988 0.0001 0.0001
19       19   (0)      5  : 0.0001 0.0001 0.0001 0.9992 0.0001 0.0004
20       20   (0)      5  : 0.0038 0.0033 0.0014 0.9846 0.0016 0.0053
21       21   (0)      6  : 0.0001 0.0148 0.0001 0.0131 0.9672 0.0046
22       22   (0)      6  : 0.0001 0.0008 0.0001 0.0081 0.9900 0.0009
23       23   (0)      6  : 0.0001 0.0001 0.0001 0.0001 0.9995 0.0001
24       24   (0)      6  : 0.0001 0.0040 0.0001 0.0001 0.9956 0.0001
25       25   (0)      7  : 0.0001 0.0787 0.2306 0.0577 0.6328 0.0001
26       26   (0)      7  : 0.0001 0.1463 0.1370 0.0004 0.7162 0.0001
27       27   (0)      7  : 0.0001 0.1154 0.1582 0.0115 0.7148 0.0001
28       28   (0)      7  : 0.0001 0.0825 0.2329 0.0745 0.6059 0.0041
29       29   (0)      8  : 0.0220 0.0001 0.0001 0.0037 0.8377 0.1365
30       30   (0)      8  : 0.0702 0.0001 0.0001 0.0091 0.8770 0.0435
31       31   (0)      8  : 0.0029 0.0001 0.0001 0.0003 0.9460 0.0505
32       32   (0)      8  : 0.0001 0.0001 0.0001 0.0001 0.9640 0.0356
33       33   (0)      9  : 0.6851 0.0001 0.0001 0.0041 0.2911 0.0196
34       34   (0)      9  : 0.7242 0.0001 0.0001 0.0004 0.2742 0.0011
35       35   (0)      9  : 0.7210 0.0001 0.0001 0.0013 0.2773 0.0002
36       36   (0)      9  : 0.7122 0.0001 0.0001 0.0006 0.2835 0.0035
37       37   (0)     10  : 0.0165 0.1820 0.0305 0.0193 0.0480 0.7037
38       38   (0)     10  : 0.0014 0.2435 0.0001 0.0005 0.0007 0.7538
39       39   (0)     10  : 0.0268 0.2243 0.0073 0.0022 0.0577 0.6818
40       40   (0)     10  : 0.0001 0.2369 0.0017 0.0023 0.0033 0.7556
41       41   (0)     11  : 0.0001 0.0065 0.0001 0.0021 0.0495 0.9418
42       42   (0)     11  : 0.0027 0.0704 0.0001 0.0008 0.1912 0.7348
43       43   (0)     11  : 0.0125 0.0822 0.0031 0.0001 0.1714 0.7308
44       44   (0)     11  : 0.0490 0.0043 0.0381 0.0392 0.1753 0.6942
45       45   (0)     12  : 0.0008 0.0001 0.0001 0.0004 0.0001 0.9985
46       46   (0)     12  : 0.0001 0.0001 0.0001 0.0001 0.0001 0.9995
47       47   (0)     12  : 0.0001 0.0001 0.0001 0.0001 0.0001 0.9995
48       48   (0)     12  : 0.0001 0.0001 0.0001 0.0001 0.0001 0.9995
