1        1   (0)      1  : 0.8955 0.0344 0.0225 0.0288 0.0127 0.0030 0.0001 0.0028 0.0001 0.0001
2        2   (0)      1  : 0.8990 0.0280 0.0286 0.0176 0.0133 0.0118 0.0001 0.0014 0.0001 0.0001
3        3   (0)      1  : 0.9981 0.0001 0.0001 0.0001 0.0001 0.0001 0.0011 0.0001 0.0001 0.0001
4        4   (0)      1  : 0.9903 0.0001 0.0001 0.0001 0.0001 0.0001 0.0057 0.0001 0.0030 0.0004
5        5   (0)      2  : 0.0017 0.0019 0.0001 0.0001 0.0021 0.0030 0.0054 0.9772 0.0007 0.0077
6        6   (0)      2  : 0.0001 0.0001 0.0004 0.0030 0.0002 0.0001 0.0001 0.9958 0.0001 0.0001
7        7   (0)      2  : 0.0002 0.0005 0.0026 0.0008 0.0001 0.0001 0.0001 0.9951 0.0004 0.0001
8        8   (0)      2  : 0.0002 0.0115 0.0001 0.0009 0.0004 0.0144 0.0001 0.9603 0.0010 0.0111
9        9   (0)      3  : 0.0001 0.0001 0.0001 0.9991 0.0001 0.0001 0.0001 0.0001 0.0001 0.0001
10       10   (0)      3  : 0.0001 0.0001 0.0001 0.9991 0.0001 0.0001 0.0001 0.0001 0.0001 0.0001
11       11   (0)      3  : 0.0001 0.0001 0.0001 0.9991 0.0001 0.0001 0.0001 0.0001 0.0001 0.0001
12       12   (0)      3  : 0.0331 0.0386 0.0487 0.7519 0.0130 0.0245 0.0314 0.0481 0.0105 0.0001
13       13   (0)      4  : 0.1126 0.6401 0.0001 0.0154 0.0044 0.1557 0.0005 0.0709 0.0001 0.0001
14       14   (0)      4  : 0.0001 0.9991 0.0001 0.0001 0.0001 0.0001 0.0001 0.0001 0.0001 0.0001
15       15   (0)      4  : 0.0411 0.9226 0.0041 0.0043 0.0008 0.0001 0.0015 0.0040 0.0198 0.0018
16       16   (0)      4  : 0.0001 0.9991 0.0001 0.0001 0.0001 0.0001 0.0001 0.0001 0.0001 0.0001
17       17   (0)      5  : 0.0001 0.0001 0.0012 0.0002 0.9970 0.0001 0.0001 0.0005 0.0005 0.0001
18       18   (0)      5  : 0.0006 0.0031 0.0002 0.0001 0.9945 0.0009 0.0001 0.0003 0.0001 0.0002
19       19   (0)      5  : 0.0001 0.0005 0.0001 0.0001 0.9978 0.0001 0.0001 0.0001 0.0004 0.0007
20       20   (0)      5  : 0.0013 0.0001 0.0022 0.0011 0.9741 0.0080 0.0068 0.0056 0.0003 0.0004
21       21   (0)      6  : 0.0191 0.0001 0.0739 0.0001 0.0192 0.0297 0.0001 0.0001 0.8534 0.0043
22       22   (0)      6  : 0.0011 0.0001 0.0786 0.0001 0.0147 0.0038 0.0001 0.0012 0.8999 0.0004
23       23   (0)      6  : 0.0003 0.0001 0.0712 0.0002 0.0001 0.0011 0.0001 0.0001 0.9267 0.0001
24       24   (0)      6  : 0.0197 0.0001 0.0606 0.0013 0.0001 0.0028 0.0001 0.0005 0.9148 0.0001
25       25   (0)      7  : 0.0001 0.0069 0.9477 0.0270 0.0162 0.0001 0.0001 0.0017 0.0001 0.0001
26       26   (0)      7  : 0.0042 0.0001 0.9773 0.0004 0.0001 0.0003 0.0046 0.0009 0.0120 0.0001
27       27   (0)      7  : 0.0001 0.0001 0.9871 0.0012 0.0001 0.0002 0.0011 0.0006 0.0089 0.0006
28       28   (0)      7  : 0.0001 0.0030 0.9364 0.0339 0.0241 0.0001 0.0001 0.0010 0.0001 0.0013
29       29   (0)      8  : 0.0001 0.0208 0.0137 0.0004 0.0071 0.0023 0.0749 0.0017 0.8245 0.0545
30       30   (0)      8  : 0.0007 0.0167 0.0691 0.0003 0.0157 0.0857 0.0227 0.0003 0.7758 0.0130
31       31   (0)      8  : 0.0002 0.0142 0.0001 0.0001 0.0001 0.0001 0.0195 0.0014 0.9637 0.0005
32       32   (0)      8  : 0.0001 0.0002 0.0001 0.0001 0.0001 0.0001 0.0144 0.0001 0.9847 0.0001
33       33   (0)      9  : 0.0022 0.0036 0.0091 0.0007 0.0037 0.9598 0.0003 0.0001 0.0026 0.0181
34       34   (0)      9  : 0.0001 0.0001 0.0001 0.0001 0.0001 0.9991 0.0001 0.0001 0.0001 0.0001
35       35   (0)      9  : 0.0010 0.0001 0.0001 0.0001 0.0001 0.9982 0.0001 0.0001 0.0001 0.0001
36       36   (0)      9  : 0.0006 0.0010 0.0144 0.0010 0.0001 0.9633 0.0001 0.0136 0.0008 0.0051
37       37   (0)     10  : 0.0046 0.0004 0.0003 0.0165 0.0199 0.0091 0.8996 0.0244 0.0095 0.0157
38       38   (0)     10  : 0.0001 0.0001 0.0001 0.0001 0.0001 0.0001 0.9991 0.0001 0.0001 0.0001
39       39   (0)     10  : 0.0262 0.0097 0.0001 0.0064 0.0029 0.0062 0.9127 0.0120 0.0230 0.0008
40       40   (0)     10  : 0.0001 0.0001 0.0001 0.0001 0.0001 0.0001 0.9991 0.0001 0.0001 0.0001
41       41   (0)     11  : 0.0008 0.0001 0.0035 0.0001 0.0002 0.0001 0.3361 0.0001 0.0388 0.6201
42       42   (0)     11  : 0.0001 0.0001 0.0133 0.0001 0.0003 0.0005 0.6925 0.0001 0.1412 0.1518
43       43   (0)     11  : 0.0002 0.0022 0.0272 0.0002 0.0001 0.0011 0.7086 0.0005 0.1189 0.1411
44       44   (0)     11  : 0.0001 0.0031 0.0009 0.0262 0.0302 0.0349 0.4639 0.0047 0.1596 0.2763
45       45   (0)     12  : 0.0001 0.0003 0.0001 0.0001 0.0003 0.0020 0.0001 0.0013 0.0001 0.9957
46       46   (0)     12  : 0.0002 0.0001 0.0001 0.0001 0.0001 0.0001 0.0001 0.0001 0.0001 0.9990
47       47   (0)     12  : 0.0001 0.0001 0.0001 0.0003 0.0001 0.0001 0.0001 0.0001 0.0001 0.9989
48       48   (0)     12  : 0.0001 0.0003 0.0001 0.0001 0.0002 0.0001 0.0001 0.0003 0.0001 0.9985
