 1        1   (0)      1 :  0.0880 0.0802 0.0487 0.4275 0.0024 0.3110 0.0421 
 2        2   (0)      1 :  0.0919 0.0723 0.0525 0.4282 0.0021 0.3112 0.0419 
 3        3   (0)      1 :  0.0486 0.0365 0.0219 0.4551 0.0053 0.3974 0.0353 
 4        4   (0)      1 :  0.0497 0.0316 0.0243 0.4478 0.0053 0.3913 0.0501 
 5        5   (0)      2 :  0.2558 0.1972 0.0180 0.5146 0.0085 0.0057 0.0001 
 6        6   (0)      2 :  0.2312 0.2309 0.0196 0.5132 0.0001 0.0049 0.0001 
 7        7   (0)      2 :  0.2464 0.2191 0.0085 0.5211 0.0001 0.0047 0.0001 
 8        8   (0)      2 :  0.2694 0.1990 0.0159 0.5024 0.0083 0.0049 0.0002 
 9        9   (0)      3 :  0.0001 0.9994 0.0001 0.0001 0.0001 0.0001 0.0001 
10       10   (0)      3 :  0.0001 0.9994 0.0001 0.0001 0.0001 0.0001 0.0001 
11       11   (0)      3 :  0.0001 0.9994 0.0001 0.0001 0.0001 0.0001 0.0001 
12       12   (0)      3 :  0.0470 0.7939 0.0185 0.0501 0.0046 0.0424 0.0435 
13       13   (0)      4 :  0.6179 0.0143 0.0029 0.2981 0.0001 0.0666 0.0001 
14       14   (0)      4 :  0.6602 0.0001 0.0001 0.2997 0.0001 0.0398 0.0001 
15       15   (0)      4 :  0.6098 0.0042 0.0002 0.3233 0.0008 0.0605 0.0013 
16       16   (0)      4 :  0.6598 0.0001 0.0001 0.2999 0.0001 0.0399 0.0001 
17       17   (0)      5 :  0.0001 0.0001 0.9990 0.0001 0.0001 0.0001 0.0005 
18       18   (0)      5 :  0.0008 0.0001 0.9984 0.0002 0.0001 0.0002 0.0001 
19       19   (0)      5 :  0.0001 0.0001 0.9991 0.0001 0.0004 0.0001 0.0001 
20       20   (0)      5 :  0.0053 0.0010 0.9824 0.0023 0.0022 0.0060 0.0009 
21       21   (0)      6 :  0.0116 0.0001 0.0142 0.0053 0.0089 0.0035 0.9563 
22       22   (0)      6 :  0.0032 0.0001 0.0063 0.0009 0.0022 0.0001 0.9872 
23       23   (0)      6 :  0.0004 0.0001 0.0001 0.0002 0.0001 0.0001 0.9990 
24       24   (0)      6 :  0.0032 0.0002 0.0001 0.0040 0.0001 0.0008 0.9915 
25       25   (0)      7 :  0.0001 0.2121 0.0612 0.0583 0.0002 0.0164 0.6518 
26       26   (0)      7 :  0.0004 0.1311 0.0018 0.0804 0.0002 0.0437 0.7425 
27       27   (0)      7 :  0.0004 0.1473 0.0132 0.0679 0.0001 0.0296 0.7414 
28       28   (0)      7 :  0.0001 0.2197 0.0743 0.0529 0.0044 0.0216 0.6271 
29       29   (0)      8 :  0.0148 0.0001 0.0036 0.0106 0.0861 0.0529 0.8320 
30       30   (0)      8 :  0.0776 0.0001 0.0105 0.0069 0.0277 0.0178 0.8595 
31       31   (0)      8 :  0.0035 0.0001 0.0002 0.0157 0.0209 0.0316 0.9281 
32       32   (0)      8 :  0.0001 0.0001 0.0001 0.0122 0.0104 0.0268 0.9502 
33       33   (0)      9 :  0.7713 0.0002 0.0066 0.0015 0.0235 0.0005 0.1964 
34       34   (0)      9 :  0.8116 0.0001 0.0021 0.0016 0.0033 0.0007 0.1805 
35       35   (0)      9 :  0.8053 0.0001 0.0037 0.0033 0.0015 0.0004 0.1856 
36       36   (0)      9 :  0.7812 0.0005 0.0004 0.0127 0.0116 0.0002 0.1935 
37       37   (0)     10 :  0.0156 0.0216 0.0191 0.0148 0.2173 0.6954 0.0162 
38       38   (0)     10 :  0.0015 0.0006 0.0002 0.0009 0.2147 0.7818 0.0002 
39       39   (0)     10 :  0.0238 0.0100 0.0039 0.0185 0.1954 0.7252 0.0233 
40       40   (0)     10 :  0.0008 0.0017 0.0009 0.0007 0.2144 0.7809 0.0005 
41       41   (0)     11 :  0.0001 0.0001 0.0013 0.0064 0.7078 0.2430 0.0412 
42       42   (0)     11 :  0.0029 0.0001 0.0002 0.0230 0.3183 0.5014 0.1541 
43       43   (0)     11 :  0.0054 0.0011 0.0001 0.0246 0.3082 0.5182 0.1424 
44       44   (0)     11 :  0.0352 0.0269 0.0349 0.0153 0.3961 0.3299 0.1617 
45       45   (0)     12 :  0.0023 0.0001 0.0002 0.0006 0.9967 0.0001 0.0001 
46       46   (0)     12 :  0.0001 0.0001 0.0001 0.0001 0.9994 0.0001 0.0001 
47       47   (0)     12 :  0.0001 0.0001 0.0001 0.0001 0.9994 0.0001 0.0001 
48       48   (0)     12 :  0.0002 0.0001 0.0002 0.0001 0.9992 0.0001 0.0001 
