1        1   (0)      1  : 0.7143 0.1884 0.0973
2        2   (0)      1  : 0.7149 0.1963 0.0888
3        3   (0)      1  : 0.6555 0.1500 0.1945
4        4   (0)      1  : 0.6325 0.1833 0.1842
5        5   (0)      2  : 0.9956 0.0004 0.0040
6        6   (0)      2  : 0.9998 0.0001 0.0001
7        7   (0)      2  : 0.9998 0.0001 0.0001
8        8   (0)      2  : 0.9989 0.0007 0.0003
9        9   (0)      3  : 0.9998 0.0001 0.0001
10       10   (0)      3  : 0.9996 0.0001 0.0003
11       11   (0)      3  : 0.9987 0.0001 0.0012
12       12   (0)      3  : 0.9232 0.0379 0.0389
13       13   (0)      4  : 0.9226 0.0773 0.0001
14       14   (0)      4  : 0.9989 0.0010 0.0001
15       15   (0)      4  : 0.9559 0.0436 0.0004
16       16   (0)      4  : 0.9993 0.0006 0.0001
17       17   (0)      5  : 0.0756 0.9243 0.0001
18       18   (0)      5  : 0.0913 0.9086 0.0001
19       19   (0)      5  : 0.0811 0.9188 0.0001
20       20   (0)      5  : 0.0976 0.9023 0.0001
21       21   (0)      6  : 0.0001 0.9112 0.0887
22       22   (0)      6  : 0.0001 0.9224 0.0775
23       23   (0)      6  : 0.0001 0.9561 0.0438
24       24   (0)      6  : 0.0001 0.9543 0.0456
25       25   (0)      7  : 0.2555 0.7004 0.0441
26       26   (0)      7  : 0.1881 0.7288 0.0831
27       27   (0)      7  : 0.1840 0.7398 0.0762
28       28   (0)      7  : 0.2575 0.6787 0.0637
29       29   (0)      8  : 0.0001 0.7765 0.2234
30       30   (0)      8  : 0.0069 0.8598 0.1333
31       31   (0)      8  : 0.0001 0.8516 0.1483
32       32   (0)      8  : 0.0001 0.8527 0.1472
33       33   (0)      9  : 0.4999 0.4706 0.0295
34       34   (0)      9  : 0.5228 0.4695 0.0077
35       35   (0)      9  : 0.5203 0.4760 0.0038
36       36   (0)      9  : 0.5277 0.4583 0.0140
37       37   (0)     10  : 0.1562 0.0656 0.7782
38       38   (0)     10  : 0.1386 0.0034 0.8580
39       39   (0)     10  : 0.1681 0.0640 0.7679
40       40   (0)     10  : 0.1342 0.0128 0.8531
41       41   (0)     11  : 0.0001 0.0281 0.9718
42       42   (0)     11  : 0.0193 0.1746 0.8061
43       43   (0)     11  : 0.0585 0.1451 0.7964
44       44   (0)     11  : 0.0764 0.1967 0.7269
45       45   (0)     12  : 0.0001 0.0001 0.9998
46       46   (0)     12  : 0.0001 0.0001 0.9998
47       47   (0)     12  : 0.0001 0.0001 0.9998
48       48   (0)     12  : 0.0001 0.0001 0.9998
