1        1   (0)      1  : 0.8940 0.0519 0.0371 0.0145 0.0023 0.0001 0.0001
2        2   (0)      1  : 0.8953 0.0558 0.0279 0.0196 0.0011 0.0001 0.0001
3        3   (0)      1  : 0.9994 0.0001 0.0001 0.0001 0.0001 0.0001 0.0001
4        4   (0)      1  : 0.9983 0.0001 0.0001 0.0001 0.0001 0.0001 0.0012
5        5   (0)      2  : 0.0005 0.0100 0.0001 0.0025 0.9752 0.0114 0.0003
6        6   (0)      2  : 0.0001 0.0001 0.0023 0.0001 0.9972 0.0001 0.0001
7        7   (0)      2  : 0.0002 0.0002 0.0002 0.0001 0.9991 0.0001 0.0001
8        8   (0)      2  : 0.0001 0.0333 0.0001 0.0015 0.9570 0.0074 0.0005
9        9   (0)      3  : 0.0001 0.0001 0.9994 0.0001 0.0001 0.0001 0.0001
10       10   (0)      3  : 0.0001 0.0001 0.9994 0.0001 0.0001 0.0001 0.0001
11       11   (0)      3  : 0.0001 0.0001 0.9994 0.0001 0.0001 0.0001 0.0001
12       12   (0)      3  : 0.0486 0.0682 0.7645 0.0160 0.0496 0.0139 0.0391
13       13   (0)      4  : 0.1475 0.7880 0.0121 0.0006 0.0516 0.0001 0.0001
14       14   (0)      4  : 0.0001 0.9994 0.0001 0.0001 0.0001 0.0001 0.0001
15       15   (0)      4  : 0.1016 0.8941 0.0038 0.0001 0.0001 0.0001 0.0001
16       16   (0)      4  : 0.0001 0.9994 0.0001 0.0001 0.0001 0.0001 0.0001
17       17   (0)      5  : 0.0001 0.0001 0.0004 0.9987 0.0001 0.0001 0.0006
18       18   (0)      5  : 0.0005 0.0016 0.0001 0.9973 0.0002 0.0001 0.0001
19       19   (0)      5  : 0.0001 0.0001 0.0001 0.9993 0.0001 0.0002 0.0001
20       20   (0)      5  : 0.0012 0.0026 0.0017 0.9812 0.0065 0.0051 0.0016
21       21   (0)      6  : 0.0146 0.0001 0.0001 0.0176 0.0001 0.0068 0.9607
22       22   (0)      6  : 0.0001 0.0001 0.0001 0.0053 0.0001 0.0008 0.9935
23       23   (0)      6  : 0.0001 0.0001 0.0001 0.0001 0.0001 0.0001 0.9994
24       24   (0)      6  : 0.0041 0.0001 0.0002 0.0001 0.0001 0.0001 0.9954
25       25   (0)      7  : 0.0688 0.0001 0.1782 0.0555 0.0627 0.0001 0.6346
26       26   (0)      7  : 0.1295 0.0001 0.0895 0.0003 0.0590 0.0001 0.7215
27       27   (0)      7  : 0.0983 0.0001 0.1073 0.0047 0.0654 0.0001 0.7241
28       28   (0)      7  : 0.0824 0.0001 0.1915 0.0715 0.0446 0.0011 0.6087
29       29   (0)      8  : 0.0001 0.0239 0.0001 0.0049 0.0001 0.1391 0.8318
30       30   (0)      8  : 0.0004 0.0765 0.0001 0.0125 0.0002 0.0437 0.8666
31       31   (0)      8  : 0.0001 0.0089 0.0001 0.0001 0.0001 0.0535 0.9372
32       32   (0)      8  : 0.0001 0.0001 0.0001 0.0001 0.0001 0.0401 0.9594
33       33   (0)      9  : 0.0001 0.6955 0.0001 0.0169 0.0012 0.0277 0.2585
34       34   (0)      9  : 0.0001 0.7402 0.0001 0.0051 0.0018 0.0102 0.2426
35       35   (0)      9  : 0.0001 0.7259 0.0001 0.0091 0.0054 0.0043 0.2551
36       36   (0)      9  : 0.0001 0.6905 0.0001 0.0009 0.0308 0.0148 0.2628
37       37   (0)     10  : 0.1839 0.0069 0.0193 0.0178 0.0233 0.7061 0.0427
38       38   (0)     10  : 0.2403 0.0006 0.0001 0.0001 0.0001 0.7586 0.0001
39       39   (0)     10  : 0.2264 0.0224 0.0078 0.0040 0.0054 0.6805 0.0535
40       40   (0)     10  : 0.2364 0.0019 0.0023 0.0012 0.0001 0.7577 0.0004
41       41   (0)     11  : 0.0050 0.0001 0.0001 0.0035 0.0001 0.9386 0.0526
42       42   (0)     11  : 0.0699 0.0071 0.0001 0.0005 0.0003 0.7354 0.1866
43       43   (0)     11  : 0.0793 0.0142 0.0029 0.0001 0.0045 0.7244 0.1746
44       44   (0)     11  : 0.0021 0.0487 0.0352 0.0390 0.0102 0.6857 0.1791
45       45   (0)     12  : 0.0001 0.0001 0.0001 0.0001 0.0004 0.9991 0.0001
46       46   (0)     12  : 0.0001 0.0001 0.0001 0.0001 0.0001 0.9994 0.0001
47       47   (0)     12  : 0.0001 0.0001 0.0001 0.0001 0.0001 0.9994 0.0001
48       48   (0)     12  : 0.0001 0.0001 0.0001 0.0001 0.0001 0.9994 0.0001
