1        1   (0)      1  : 0.7234 0.0038 0.0769 0.0162 0.0464 0.0170 0.0567 0.0002 0.0596
2        2   (0)      1  : 0.7207 0.0001 0.0720 0.0172 0.0491 0.0203 0.0602 0.0001 0.0603
3        3   (0)      1  : 0.7418 0.0001 0.0373 0.0215 0.0161 0.0001 0.1273 0.0001 0.0557
4        4   (0)      1  : 0.7313 0.0008 0.0330 0.0268 0.0183 0.0001 0.1193 0.0009 0.0694
5        5   (0)      2  : 0.0015 0.0001 0.0104 0.9636 0.0021 0.0050 0.0096 0.0075 0.0002
6        6   (0)      2  : 0.0001 0.0001 0.0146 0.9831 0.0016 0.0001 0.0001 0.0001 0.0001
7        7   (0)      2  : 0.0001 0.0001 0.0115 0.9867 0.0011 0.0001 0.0001 0.0001 0.0001
8        8   (0)      2  : 0.0026 0.0001 0.0109 0.9488 0.0023 0.0221 0.0007 0.0122 0.0003
9        9   (0)      3  : 0.0001 0.0001 0.9992 0.0001 0.0001 0.0001 0.0001 0.0001 0.0001
10       10   (0)      3  : 0.0001 0.0001 0.9992 0.0001 0.0001 0.0001 0.0001 0.0001 0.0001
11       11   (0)      3  : 0.0001 0.0001 0.9992 0.0001 0.0001 0.0001 0.0001 0.0001 0.0001
12       12   (0)      3  : 0.0525 0.0381 0.7667 0.0499 0.0203 0.0414 0.0052 0.0001 0.0259
13       13   (0)      4  : 0.4607 0.0001 0.0110 0.0931 0.0002 0.4345 0.0002 0.0001 0.0001
14       14   (0)      4  : 0.5259 0.0001 0.0001 0.0527 0.0001 0.4208 0.0001 0.0001 0.0001
15       15   (0)      4  : 0.5645 0.0002 0.0006 0.0513 0.0001 0.3828 0.0001 0.0003 0.0001
16       16   (0)      4  : 0.5259 0.0001 0.0001 0.0527 0.0001 0.4208 0.0001 0.0001 0.0001
17       17   (0)      5  : 0.0001 0.0001 0.0001 0.0001 0.9987 0.0001 0.0001 0.0001 0.0006
18       18   (0)      5  : 0.0004 0.0001 0.0001 0.0001 0.9983 0.0008 0.0001 0.0001 0.0001
19       19   (0)      5  : 0.0002 0.0005 0.0001 0.0001 0.9985 0.0001 0.0001 0.0003 0.0001
20       20   (0)      5  : 0.0006 0.0017 0.0004 0.0054 0.9784 0.0071 0.0055 0.0007 0.0001
21       21   (0)      6  : 0.0065 0.0001 0.0001 0.0001 0.0099 0.0207 0.0037 0.0158 0.9431
22       22   (0)      6  : 0.0001 0.0022 0.0001 0.0001 0.0039 0.0076 0.0005 0.0036 0.9820
23       23   (0)      6  : 0.0001 0.0001 0.0001 0.0001 0.0001 0.0007 0.0001 0.0001 0.9986
24       24   (0)      6  : 0.0034 0.0001 0.0001 0.0001 0.0001 0.0053 0.0001 0.0001 0.9907
25       25   (0)      7  : 0.0322 0.0128 0.1801 0.0650 0.0546 0.0001 0.0001 0.0001 0.6549
26       26   (0)      7  : 0.0570 0.0001 0.1037 0.0677 0.0005 0.0001 0.0289 0.0001 0.7419
27       27   (0)      7  : 0.0388 0.0001 0.1156 0.0750 0.0067 0.0001 0.0141 0.0005 0.7492
28       28   (0)      7  : 0.0364 0.0078 0.1958 0.0556 0.0672 0.0001 0.0011 0.0044 0.6316
29       29   (0)      8  : 0.0014 0.0600 0.0001 0.0009 0.0029 0.0165 0.0365 0.0603 0.8215
30       30   (0)      8  : 0.0001 0.0176 0.0001 0.0008 0.0101 0.0925 0.0191 0.0230 0.8368
31       31   (0)      8  : 0.0031 0.0945 0.0001 0.0005 0.0002 0.0025 0.0004 0.0002 0.8986
32       32   (0)      8  : 0.0001 0.0746 0.0001 0.0001 0.0001 0.0001 0.0001 0.0001 0.9247
33       33   (0)      9  : 0.0004 0.0001 0.0001 0.0002 0.0064 0.8508 0.0059 0.0237 0.1124
34       34   (0)      9  : 0.0001 0.0049 0.0001 0.0001 0.0029 0.8883 0.0026 0.0005 0.1004
35       35   (0)      9  : 0.0001 0.0121 0.0001 0.0030 0.0042 0.8810 0.0001 0.0001 0.0993
36       36   (0)      9  : 0.0003 0.0001 0.0021 0.0206 0.0005 0.8510 0.0004 0.0141 0.1110
37       37   (0)     10  : 0.0008 0.1175 0.0133 0.0201 0.0183 0.0134 0.7772 0.0337 0.0057
38       38   (0)     10  : 0.0001 0.0001 0.0001 0.0001 0.0001 0.0001 0.9992 0.0001 0.0001
39       39   (0)     10  : 0.0064 0.0188 0.0020 0.0128 0.0008 0.0198 0.8797 0.0238 0.0359
40       40   (0)     10  : 0.0001 0.0001 0.0001 0.0001 0.0001 0.0001 0.9992 0.0001 0.0001
41       41   (0)     11  : 0.0010 0.3435 0.0001 0.0001 0.0005 0.0001 0.0990 0.5511 0.0047
42       42   (0)     11  : 0.0001 0.9992 0.0001 0.0001 0.0001 0.0001 0.0001 0.0001 0.0001
43       43   (0)     11  : 0.0001 0.9992 0.0001 0.0001 0.0001 0.0001 0.0001 0.0001 0.0001
44       44   (0)     11  : 0.0001 0.4959 0.0269 0.0074 0.0353 0.0400 0.1252 0.1930 0.0762
45       45   (0)     12  : 0.0001 0.0001 0.0001 0.0011 0.0001 0.0025 0.0001 0.9957 0.0001
46       46   (0)     12  : 0.0003 0.0001 0.0001 0.0001 0.0001 0.0001 0.0001 0.9990 0.0001
47       47   (0)     12  : 0.0001 0.0001 0.0002 0.0001 0.0001 0.0001 0.0001 0.9991 0.0001
48       48   (0)     12  : 0.0003 0.0001 0.0001 0.0001 0.0001 0.0001 0.0001 0.9990 0.0001
