 1        1   (0)      1 :  0.8623 0.1377 
 2        2   (0)      1 :  0.8705 0.1295 
 3        3   (0)      1 :  0.7610 0.2390 
 4        4   (0)      1 :  0.7579 0.2421 
 5        5   (0)      2 :  0.9999 0.0001 
 6        6   (0)      2 :  0.9999 0.0001 
 7        7   (0)      2 :  0.9999 0.0001 
 8        8   (0)      2 :  0.9999 0.0001 
 9        9   (0)      3 :  0.9999 0.0001 
10       10   (0)      3 :  0.9999 0.0001 
11       11   (0)      3 :  0.9999 0.0001 
12       12   (0)      3 :  0.9769 0.0231 
13       13   (0)      4 :  0.9999 0.0001 
14       14   (0)      4 :  0.9999 0.0001 
15       15   (0)      4 :  0.9999 0.0001 
16       16   (0)      4 :  0.9999 0.0001 
17       17   (0)      5 :  0.8101 0.1899 
18       18   (0)      5 :  0.8223 0.1777 
19       19   (0)      5 :  0.8059 0.1941 
20       20   (0)      5 :  0.8044 0.1956 
21       21   (0)      6 :  0.3605 0.6395 
22       22   (0)      6 :  0.3664 0.6336 
23       23   (0)      6 :  0.3812 0.6188 
24       24   (0)      6 :  0.4046 0.5954 
25       25   (0)      7 :  0.6186 0.3814 
26       26   (0)      7 :  0.5439 0.4561 
27       27   (0)      7 :  0.5500 0.4500 
28       28   (0)      7 :  0.6132 0.3868 
29       29   (0)      8 :  0.3037 0.6963 
30       30   (0)      8 :  0.3996 0.6004 
31       31   (0)      8 :  0.3284 0.6716 
32       32   (0)      8 :  0.2986 0.7014 
33       33   (0)      9 :  0.7916 0.2084 
34       34   (0)      9 :  0.8169 0.1831 
35       35   (0)      9 :  0.8238 0.1762 
36       36   (0)      9 :  0.8152 0.1848 
37       37   (0)     10 :  0.1376 0.8624 
38       38   (0)     10 :  0.0762 0.9238 
39       39   (0)     10 :  0.1457 0.8543 
40       40   (0)     10 :  0.0787 0.9213 
41       41   (0)     11 :  0.0001 0.9999 
42       42   (0)     11 :  0.0333 0.9667 
43       43   (0)     11 :  0.0578 0.9422 
44       44   (0)     11 :  0.1212 0.8788 
45       45   (0)     12 :  0.0001 0.9999 
46       46   (0)     12 :  0.0001 0.9999 
47       47   (0)     12 :  0.0001 0.9999 
48       48   (0)     12 :  0.0001 0.9999 
