1        1   (0)      1  : 0.7007 0.1021 0.0913 0.1058
2        2   (0)      1  : 0.7025 0.1087 0.0951 0.0937
3        3   (0)      1  : 0.6477 0.0950 0.0608 0.1965
4        4   (0)      1  : 0.6256 0.1294 0.0601 0.1850
5        5   (0)      2  : 0.9813 0.0001 0.0152 0.0034
6        6   (0)      2  : 0.9903 0.0001 0.0095 0.0001
7        7   (0)      2  : 0.9981 0.0001 0.0017 0.0001
8        8   (0)      2  : 0.9862 0.0001 0.0127 0.0010
9        9   (0)      3  : 0.9997 0.0001 0.0001 0.0001
10       10   (0)      3  : 0.9997 0.0001 0.0001 0.0001
11       11   (0)      3  : 0.9991 0.0001 0.0001 0.0007
12       12   (0)      3  : 0.9197 0.0353 0.0060 0.0389
13       13   (0)      4  : 0.9155 0.0697 0.0147 0.0001
14       14   (0)      4  : 0.9964 0.0028 0.0007 0.0001
15       15   (0)      4  : 0.9476 0.0511 0.0010 0.0002
16       16   (0)      4  : 0.9976 0.0018 0.0004 0.0001
17       17   (0)      5  : 0.0001 0.0002 0.9996 0.0001
18       18   (0)      5  : 0.0001 0.0001 0.9997 0.0001
19       19   (0)      5  : 0.0001 0.0001 0.9997 0.0001
20       20   (0)      5  : 0.0022 0.0020 0.9902 0.0057
21       21   (0)      6  : 0.0001 0.9816 0.0130 0.0053
22       22   (0)      6  : 0.0001 0.9959 0.0037 0.0003
23       23   (0)      6  : 0.0001 0.9997 0.0001 0.0001
24       24   (0)      6  : 0.0001 0.9997 0.0001 0.0001
25       25   (0)      7  : 0.2651 0.6659 0.0675 0.0014
26       26   (0)      7  : 0.2037 0.7779 0.0068 0.0116
27       27   (0)      7  : 0.1963 0.7755 0.0200 0.0083
28       28   (0)      7  : 0.2632 0.6373 0.0802 0.0193
29       29   (0)      8  : 0.0001 0.8562 0.0036 0.1401
30       30   (0)      8  : 0.0186 0.9187 0.0158 0.0470
31       31   (0)      8  : 0.0001 0.9489 0.0004 0.0505
32       32   (0)      8  : 0.0001 0.9661 0.0001 0.0337
33       33   (0)      9  : 0.5074 0.4762 0.0142 0.0021
34       34   (0)      9  : 0.5246 0.4675 0.0078 0.0001
35       35   (0)      9  : 0.5231 0.4665 0.0102 0.0001
36       36   (0)      9  : 0.5294 0.4671 0.0034 0.0001
37       37   (0)     10  : 0.1430 0.0502 0.0294 0.7774
38       38   (0)     10  : 0.1279 0.0026 0.0064 0.8631
39       39   (0)     10  : 0.1623 0.0623 0.0130 0.7624
40       40   (0)     10  : 0.1247 0.0057 0.0124 0.8572
41       41   (0)     11  : 0.0001 0.0322 0.0036 0.9642
42       42   (0)     11  : 0.0121 0.2041 0.0024 0.7814
43       43   (0)     11  : 0.0494 0.1766 0.0004 0.7736
44       44   (0)     11  : 0.0676 0.1823 0.0376 0.7125
45       45   (0)     12  : 0.0001 0.0001 0.0002 0.9996
46       46   (0)     12  : 0.0001 0.0001 0.0001 0.9997
47       47   (0)     12  : 0.0001 0.0001 0.0001 0.9997
48       48   (0)     12  : 0.0001 0.0001 0.0001 0.9997
