1        1   (0)      1  : 0.5822 0.0245 0.0186 0.0017 0.0092 0.3636 0.0001 0.0001 0.0001
2        2   (0)      1  : 0.5817 0.0287 0.0137 0.0001 0.0083 0.3673 0.0001 0.0001 0.0001
3        3   (0)      1  : 0.9983 0.0001 0.0001 0.0001 0.0001 0.0001 0.0010 0.0001 0.0001
4        4   (0)      1  : 0.9954 0.0001 0.0001 0.0001 0.0001 0.0001 0.0022 0.0007 0.0012
5        5   (0)      2  : 0.0013 0.0037 0.0001 0.9783 0.0022 0.0001 0.0024 0.0108 0.0012
6        6   (0)      2  : 0.0001 0.0001 0.0034 0.9957 0.0001 0.0003 0.0001 0.0001 0.0001
7        7   (0)      2  : 0.0002 0.0001 0.0001 0.9980 0.0001 0.0012 0.0001 0.0001 0.0001
8        8   (0)      2  : 0.0002 0.0278 0.0011 0.9555 0.0014 0.0001 0.0001 0.0114 0.0024
9        9   (0)      3  : 0.0001 0.0001 0.9992 0.0001 0.0001 0.0001 0.0001 0.0001 0.0001
10       10   (0)      3  : 0.0001 0.0001 0.9992 0.0001 0.0001 0.0001 0.0001 0.0001 0.0001
11       11   (0)      3  : 0.0001 0.0001 0.9992 0.0001 0.0001 0.0001 0.0001 0.0001 0.0001
12       12   (0)      3  : 0.0317 0.0616 0.7549 0.0445 0.0168 0.0422 0.0290 0.0001 0.0191
13       13   (0)      4  : 0.1239 0.7940 0.0162 0.0499 0.0004 0.0154 0.0001 0.0001 0.0001
14       14   (0)      4  : 0.0001 0.9992 0.0001 0.0001 0.0001 0.0001 0.0001 0.0001 0.0001
15       15   (0)      4  : 0.0798 0.8903 0.0039 0.0001 0.0001 0.0255 0.0001 0.0001 0.0001
16       16   (0)      4  : 0.0001 0.9989 0.0001 0.0001 0.0001 0.0004 0.0001 0.0001 0.0001
17       17   (0)      5  : 0.0001 0.0001 0.0001 0.0001 0.9984 0.0007 0.0001 0.0001 0.0003
18       18   (0)      5  : 0.0014 0.0021 0.0001 0.0001 0.9959 0.0002 0.0001 0.0001 0.0001
19       19   (0)      5  : 0.0001 0.0001 0.0001 0.0001 0.9980 0.0001 0.0001 0.0013 0.0001
20       20   (0)      5  : 0.0005 0.0009 0.0004 0.0070 0.9795 0.0016 0.0089 0.0010 0.0002
21       21   (0)      6  : 0.0197 0.0001 0.0001 0.0001 0.0171 0.0376 0.0001 0.0070 0.9181
22       22   (0)      6  : 0.0029 0.0001 0.0001 0.0007 0.0103 0.0381 0.0001 0.0016 0.9461
23       23   (0)      6  : 0.0004 0.0001 0.0012 0.0001 0.0001 0.0318 0.0001 0.0001 0.9661
24       24   (0)      6  : 0.0163 0.0001 0.0004 0.0001 0.0001 0.0321 0.0001 0.0001 0.9507
25       25   (0)      7  : 0.0197 0.0022 0.0782 0.0219 0.0301 0.6296 0.0001 0.0001 0.2181
26       26   (0)      7  : 0.0048 0.0001 0.0292 0.0172 0.0001 0.6876 0.0039 0.0001 0.2570
27       27   (0)      7  : 0.0001 0.0001 0.0319 0.0168 0.0007 0.6934 0.0021 0.0001 0.2547
28       28   (0)      7  : 0.0275 0.0001 0.0862 0.0157 0.0409 0.6177 0.0001 0.0017 0.2102
29       29   (0)      8  : 0.0001 0.0114 0.0002 0.0037 0.0076 0.0120 0.0791 0.0621 0.8238
30       30   (0)      8  : 0.0025 0.0672 0.0006 0.0005 0.0118 0.0414 0.0317 0.0172 0.8272
31       31   (0)      8  : 0.0018 0.0021 0.0001 0.0007 0.0005 0.0001 0.0442 0.0046 0.9459
32       32   (0)      8  : 0.0001 0.0001 0.0001 0.0001 0.0001 0.0001 0.0369 0.0003 0.9622
33       33   (0)      9  : 0.0001 0.6934 0.0001 0.0038 0.0114 0.0046 0.0003 0.0313 0.2550
34       34   (0)      9  : 0.0001 0.7351 0.0001 0.0030 0.0077 0.0001 0.0052 0.0010 0.2477
35       35   (0)      9  : 0.0001 0.7238 0.0001 0.0063 0.0128 0.0021 0.0032 0.0015 0.2501
36       36   (0)      9  : 0.0001 0.6855 0.0001 0.0367 0.0023 0.0089 0.0001 0.0170 0.2493
37       37   (0)     10  : 0.0134 0.0024 0.0133 0.0255 0.0172 0.0001 0.9009 0.0180 0.0092
38       38   (0)     10  : 0.0001 0.0001 0.0001 0.0001 0.0001 0.0001 0.9992 0.0001 0.0001
39       39   (0)     10  : 0.0257 0.0118 0.0076 0.0102 0.0043 0.0040 0.9193 0.0013 0.0158
40       40   (0)     10  : 0.0001 0.0001 0.0001 0.0001 0.0001 0.0001 0.9992 0.0001 0.0001
41       41   (0)     11  : 0.0013 0.0001 0.0001 0.0001 0.0004 0.0039 0.3422 0.6160 0.0360
42       42   (0)     11  : 0.0001 0.0001 0.0001 0.0001 0.0001 0.0043 0.7070 0.1445 0.1437
43       43   (0)     11  : 0.0008 0.0005 0.0003 0.0007 0.0001 0.0183 0.7202 0.1359 0.1232
44       44   (0)     11  : 0.0001 0.0185 0.0249 0.0069 0.0328 0.0015 0.4713 0.2740 0.1699
45       45   (0)     12  : 0.0001 0.0038 0.0001 0.0001 0.0004 0.0001 0.0001 0.9952 0.0001
46       46   (0)     12  : 0.0002 0.0001 0.0001 0.0001 0.0001 0.0001 0.0001 0.9991 0.0001
47       47   (0)     12  : 0.0001 0.0001 0.0002 0.0001 0.0001 0.0001 0.0001 0.9991 0.0001
48       48   (0)     12  : 0.0001 0.0002 0.0001 0.0001 0.0001 0.0002 0.0001 0.9991 0.0001
