1        1   (0)      1  : 0.5620 0.0001 0.1208 0.0720 0.1180 0.0276 0.0003 0.0993
2        2   (0)      1  : 0.5642 0.0001 0.1175 0.0788 0.1118 0.0246 0.0001 0.1030
3        3   (0)      1  : 0.5225 0.0001 0.0710 0.0364 0.2432 0.0432 0.0001 0.0834
4        4   (0)      1  : 0.4999 0.0001 0.0580 0.0396 0.2291 0.0583 0.0001 0.1149
5        5   (0)      2  : 0.0006 0.0050 0.0001 0.0018 0.0015 0.9824 0.0084 0.0001
6        6   (0)      2  : 0.0001 0.0001 0.0007 0.0002 0.0001 0.9986 0.0001 0.0001
7        7   (0)      2  : 0.0004 0.0001 0.0001 0.0001 0.0001 0.9990 0.0001 0.0001
8        8   (0)      2  : 0.0055 0.0189 0.0001 0.0005 0.0001 0.9638 0.0110 0.0001
9        9   (0)      3  : 0.0001 0.0001 0.9993 0.0001 0.0001 0.0001 0.0001 0.0001
10       10   (0)      3  : 0.0001 0.0001 0.9993 0.0001 0.0001 0.0001 0.0001 0.0001
11       11   (0)      3  : 0.0001 0.0001 0.9993 0.0001 0.0001 0.0001 0.0001 0.0001
12       12   (0)      3  : 0.0547 0.0337 0.7661 0.0189 0.0355 0.0536 0.0005 0.0371
13       13   (0)      4  : 0.7424 0.1811 0.0080 0.0004 0.0001 0.0679 0.0001 0.0001
14       14   (0)      4  : 0.9993 0.0001 0.0001 0.0001 0.0001 0.0001 0.0001 0.0001
15       15   (0)      4  : 0.9785 0.0206 0.0001 0.0001 0.0001 0.0001 0.0003 0.0002
16       16   (0)      4  : 0.9993 0.0001 0.0001 0.0001 0.0001 0.0001 0.0001 0.0001
17       17   (0)      5  : 0.0001 0.0003 0.0002 0.9988 0.0002 0.0001 0.0001 0.0001
18       18   (0)      5  : 0.0004 0.0011 0.0001 0.9980 0.0001 0.0001 0.0001 0.0001
19       19   (0)      5  : 0.0001 0.0002 0.0001 0.9991 0.0001 0.0001 0.0002 0.0001
20       20   (0)      5  : 0.0001 0.0093 0.0009 0.9819 0.0040 0.0032 0.0005 0.0001
21       21   (0)      6  : 0.0001 0.0404 0.0001 0.0096 0.0001 0.0001 0.0093 0.9403
22       22   (0)      6  : 0.0001 0.0119 0.0001 0.0058 0.0001 0.0001 0.0012 0.9806
23       23   (0)      6  : 0.0001 0.0019 0.0001 0.0001 0.0001 0.0001 0.0001 0.9975
24       24   (0)      6  : 0.0001 0.0130 0.0001 0.0001 0.0001 0.0001 0.0001 0.9864
25       25   (0)      7  : 0.0047 0.0001 0.1829 0.0609 0.0001 0.0770 0.0001 0.6741
26       26   (0)      7  : 0.0018 0.0001 0.1100 0.0013 0.0212 0.0905 0.0001 0.7750
27       27   (0)      7  : 0.0001 0.0001 0.1198 0.0110 0.0064 0.0924 0.0001 0.7702
28       28   (0)      7  : 0.0045 0.0001 0.1943 0.0737 0.0027 0.0688 0.0045 0.6514
29       29   (0)      8  : 0.0014 0.0198 0.0001 0.0015 0.0723 0.0001 0.0684 0.8363
30       30   (0)      8  : 0.0032 0.1067 0.0001 0.0071 0.0223 0.0001 0.0210 0.8396
31       31   (0)      8  : 0.0089 0.0007 0.0001 0.0001 0.0380 0.0001 0.0112 0.9410
32       32   (0)      8  : 0.0001 0.0001 0.0001 0.0001 0.0300 0.0001 0.0020 0.9676
33       33   (0)      9  : 0.0052 0.9583 0.0018 0.0050 0.0011 0.0001 0.0157 0.0128
34       34   (0)      9  : 0.0001 0.9993 0.0001 0.0001 0.0001 0.0001 0.0001 0.0001
35       35   (0)      9  : 0.0001 0.9993 0.0001 0.0001 0.0001 0.0001 0.0001 0.0001
36       36   (0)      9  : 0.0002 0.9631 0.0039 0.0004 0.0001 0.0191 0.0054 0.0077
37       37   (0)     10  : 0.0001 0.0243 0.0123 0.0140 0.9036 0.0238 0.0213 0.0006
38       38   (0)     10  : 0.0001 0.0001 0.0001 0.0001 0.9993 0.0001 0.0001 0.0001
39       39   (0)     10  : 0.0158 0.0211 0.0070 0.0032 0.9250 0.0122 0.0027 0.0128
40       40   (0)     10  : 0.0001 0.0001 0.0001 0.0001 0.9993 0.0001 0.0001 0.0001
41       41   (0)     11  : 0.0001 0.0001 0.0001 0.0003 0.3360 0.0001 0.6182 0.0451
42       42   (0)     11  : 0.0001 0.0027 0.0001 0.0001 0.6865 0.0001 0.1604 0.1499
43       43   (0)     11  : 0.0001 0.0057 0.0002 0.0001 0.7011 0.0005 0.1526 0.1398
44       44   (0)     11  : 0.0001 0.0496 0.0177 0.0312 0.4665 0.0031 0.2835 0.1483
45       45   (0)     12  : 0.0001 0.0021 0.0001 0.0004 0.0001 0.0012 0.9959 0.0001
46       46   (0)     12  : 0.0001 0.0001 0.0001 0.0001 0.0001 0.0001 0.9993 0.0001
47       47   (0)     12  : 0.0001 0.0001 0.0001 0.0001 0.0001 0.0001 0.9993 0.0001
48       48   (0)     12  : 0.0004 0.0001 0.0001 0.0001 0.0001 0.0001 0.9990 0.0001
