1        1   (0)      1  : 0.9105 0.0359 0.0296 0.0024 0.0153 0.0060 0.0001 0.0001 0.0001
2        2   (0)      1  : 0.9178 0.0283 0.0225 0.0008 0.0165 0.0138 0.0001 0.0001 0.0001
3        3   (0)      1  : 0.9760 0.0001 0.0001 0.0228 0.0001 0.0001 0.0006 0.0001 0.0001
4        4   (0)      1  : 0.9702 0.0001 0.0001 0.0228 0.0001 0.0001 0.0055 0.0008 0.0003
5        5   (0)      2  : 0.0014 0.0060 0.0075 0.9617 0.0021 0.0088 0.0043 0.0082 0.0001
6        6   (0)      2  : 0.0002 0.0020 0.0111 0.9794 0.0004 0.0067 0.0001 0.0001 0.0001
7        7   (0)      2  : 0.0003 0.0027 0.0081 0.9811 0.0001 0.0074 0.0001 0.0001 0.0001
8        8   (0)      2  : 0.0001 0.0141 0.0076 0.9437 0.0015 0.0224 0.0001 0.0104 0.0001
9        9   (0)      3  : 0.0001 0.0001 0.9992 0.0001 0.0001 0.0001 0.0001 0.0001 0.0001
10       10   (0)      3  : 0.0001 0.0001 0.9992 0.0001 0.0001 0.0001 0.0001 0.0001 0.0001
11       11   (0)      3  : 0.0001 0.0001 0.9992 0.0001 0.0001 0.0001 0.0001 0.0001 0.0001
12       12   (0)      3  : 0.0393 0.0377 0.7645 0.0503 0.0173 0.0292 0.0324 0.0003 0.0290
13       13   (0)      4  : 0.1071 0.6394 0.0125 0.0782 0.0046 0.1573 0.0008 0.0001 0.0001
14       14   (0)      4  : 0.0001 0.9992 0.0001 0.0001 0.0001 0.0001 0.0001 0.0001 0.0001
15       15   (0)      4  : 0.0420 0.9232 0.0064 0.0055 0.0007 0.0001 0.0013 0.0045 0.0163
16       16   (0)      4  : 0.0001 0.9992 0.0001 0.0001 0.0001 0.0001 0.0001 0.0001 0.0001
17       17   (0)      5  : 0.0001 0.0001 0.0005 0.0001 0.9976 0.0001 0.0001 0.0001 0.0013
18       18   (0)      5  : 0.0003 0.0025 0.0001 0.0001 0.9964 0.0003 0.0001 0.0001 0.0001
19       19   (0)      5  : 0.0001 0.0001 0.0001 0.0001 0.9984 0.0001 0.0001 0.0009 0.0001
20       20   (0)      5  : 0.0011 0.0001 0.0002 0.0042 0.9756 0.0106 0.0072 0.0007 0.0003
21       21   (0)      6  : 0.0052 0.0001 0.0001 0.0002 0.0130 0.0369 0.0004 0.0086 0.9355
22       22   (0)      6  : 0.0001 0.0001 0.0001 0.0001 0.0066 0.0087 0.0001 0.0019 0.9822
23       23   (0)      6  : 0.0001 0.0001 0.0001 0.0001 0.0001 0.0018 0.0001 0.0001 0.9975
24       24   (0)      6  : 0.0030 0.0002 0.0001 0.0001 0.0001 0.0117 0.0001 0.0001 0.9847
25       25   (0)      7  : 0.0639 0.0001 0.1734 0.0572 0.0560 0.0001 0.0001 0.0002 0.6491
26       26   (0)      7  : 0.1220 0.0001 0.0900 0.0594 0.0002 0.0001 0.0023 0.0001 0.7258
27       27   (0)      7  : 0.0909 0.0001 0.1039 0.0673 0.0063 0.0001 0.0005 0.0001 0.7307
28       28   (0)      7  : 0.0720 0.0001 0.1844 0.0482 0.0677 0.0001 0.0002 0.0042 0.6230
29       29   (0)      8  : 0.0001 0.0212 0.0001 0.0001 0.0020 0.0039 0.0766 0.0624 0.8337
30       30   (0)      8  : 0.0001 0.0180 0.0001 0.0001 0.0076 0.0914 0.0248 0.0185 0.8395
31       31   (0)      8  : 0.0001 0.0217 0.0001 0.0001 0.0002 0.0002 0.0414 0.0065 0.9297
32       32   (0)      8  : 0.0001 0.0009 0.0001 0.0001 0.0001 0.0001 0.0363 0.0006 0.9616
33       33   (0)      9  : 0.0041 0.0037 0.0008 0.0001 0.0042 0.9580 0.0005 0.0172 0.0114
34       34   (0)      9  : 0.0001 0.0001 0.0001 0.0001 0.0001 0.9992 0.0001 0.0001 0.0001
35       35   (0)      9  : 0.0005 0.0001 0.0001 0.0001 0.0001 0.9988 0.0001 0.0001 0.0001
36       36   (0)      9  : 0.0008 0.0006 0.0021 0.0164 0.0002 0.9665 0.0001 0.0069 0.0063
37       37   (0)     10  : 0.0025 0.0001 0.0160 0.0260 0.0215 0.0104 0.8987 0.0194 0.0053
38       38   (0)     10  : 0.0001 0.0001 0.0001 0.0001 0.0001 0.0001 0.9992 0.0001 0.0001
39       39   (0)     10  : 0.0250 0.0112 0.0053 0.0134 0.0019 0.0083 0.9210 0.0014 0.0125
40       40   (0)     10  : 0.0001 0.0001 0.0001 0.0001 0.0001 0.0001 0.9992 0.0001 0.0001
41       41   (0)     11  : 0.0008 0.0001 0.0001 0.0001 0.0006 0.0001 0.3343 0.6190 0.0449
42       42   (0)     11  : 0.0003 0.0001 0.0001 0.0001 0.0001 0.0008 0.6922 0.1541 0.1522
43       43   (0)     11  : 0.0005 0.0045 0.0004 0.0007 0.0001 0.0010 0.7093 0.1421 0.1414
44       44   (0)     11  : 0.0001 0.0049 0.0208 0.0041 0.0343 0.0341 0.4677 0.2794 0.1545
45       45   (0)     12  : 0.0001 0.0004 0.0001 0.0005 0.0001 0.0027 0.0001 0.9959 0.0001
46       46   (0)     12  : 0.0002 0.0001 0.0001 0.0001 0.0001 0.0001 0.0001 0.9991 0.0001
47       47   (0)     12  : 0.0001 0.0001 0.0001 0.0001 0.0001 0.0001 0.0001 0.9992 0.0001
48       48   (0)     12  : 0.0003 0.0008 0.0001 0.0001 0.0001 0.0001 0.0001 0.9983 0.0001
