1        1   (0)      1  : 0.4746 0.1828 0.0001 0.2015 0.1410
2        2   (0)      1  : 0.4797 0.1773 0.0001 0.1981 0.1447
3        3   (0)      1  : 0.4193 0.1442 0.0001 0.3475 0.0889
4        4   (0)      1  : 0.4216 0.1279 0.0001 0.3305 0.1199
5        5   (0)      2  : 0.6642 0.3146 0.0205 0.0006 0.0001
6        6   (0)      2  : 0.6215 0.3779 0.0002 0.0001 0.0003
7        7   (0)      2  : 0.6453 0.3542 0.0003 0.0001 0.0001
8        8   (0)      2  : 0.6664 0.3102 0.0232 0.0001 0.0001
9        9   (0)      3  : 0.0001 0.9996 0.0001 0.0001 0.0001
10       10   (0)      3  : 0.0001 0.9996 0.0001 0.0001 0.0001
11       11   (0)      3  : 0.0001 0.9996 0.0001 0.0001 0.0001
12       12   (0)      3  : 0.0752 0.8144 0.0006 0.0487 0.0611
13       13   (0)      4  : 0.9615 0.0209 0.0001 0.0155 0.0020
14       14   (0)      4  : 0.9996 0.0001 0.0001 0.0001 0.0001
15       15   (0)      4  : 0.9987 0.0006 0.0005 0.0001 0.0001
16       16   (0)      4  : 0.9996 0.0001 0.0001 0.0001 0.0001
17       17   (0)      5  : 0.0288 0.0255 0.0001 0.0001 0.9455
18       18   (0)      5  : 0.0538 0.0164 0.0001 0.0001 0.9296
19       19   (0)      5  : 0.0368 0.0224 0.0001 0.0001 0.9406
20       20   (0)      5  : 0.0494 0.0282 0.0001 0.0001 0.9223
21       21   (0)      6  : 0.0001 0.0001 0.0582 0.0454 0.8961
22       22   (0)      6  : 0.0001 0.0001 0.0513 0.0400 0.9085
23       23   (0)      6  : 0.0001 0.0001 0.0309 0.0161 0.9528
24       24   (0)      6  : 0.0001 0.0010 0.0441 0.0177 0.9371
25       25   (0)      7  : 0.0009 0.2539 0.0154 0.0342 0.6957
26       26   (0)      7  : 0.0006 0.1771 0.0027 0.1175 0.7021
27       27   (0)      7  : 0.0001 0.1903 0.0121 0.0890 0.7085
28       28   (0)      7  : 0.0001 0.2583 0.0249 0.0434 0.6733
29       29   (0)      8  : 0.0001 0.0001 0.1143 0.1263 0.7592
30       30   (0)      8  : 0.0421 0.0001 0.0605 0.0826 0.8147
31       31   (0)      8  : 0.0010 0.0001 0.0566 0.1129 0.8294
32       32   (0)      8  : 0.0001 0.0001 0.0470 0.1177 0.8352
33       33   (0)      9  : 0.6455 0.0001 0.0502 0.0001 0.3041
34       34   (0)      9  : 0.6834 0.0001 0.0273 0.0001 0.2891
35       35   (0)      9  : 0.6786 0.0001 0.0210 0.0005 0.2998
36       36   (0)      9  : 0.6661 0.0001 0.0460 0.0001 0.2877
37       37   (0)     10  : 0.0114 0.0257 0.0302 0.9128 0.0199
38       38   (0)     10  : 0.0001 0.0001 0.0001 0.9996 0.0001
39       39   (0)     10  : 0.0350 0.0076 0.0087 0.9395 0.0092
40       40   (0)     10  : 0.0001 0.0001 0.0001 0.9996 0.0001
41       41   (0)     11  : 0.0001 0.0001 0.6261 0.3503 0.0234
42       42   (0)     11  : 0.0001 0.0001 0.1770 0.7141 0.1087
43       43   (0)     11  : 0.0001 0.0001 0.1673 0.7347 0.0978
44       44   (0)     11  : 0.0094 0.0281 0.3017 0.4758 0.1851
45       45   (0)     12  : 0.0005 0.0001 0.9992 0.0001 0.0001
46       46   (0)     12  : 0.0001 0.0001 0.9996 0.0001 0.0001
47       47   (0)     12  : 0.0001 0.0001 0.9996 0.0001 0.0001
48       48   (0)     12  : 0.0002 0.0002 0.9994 0.0001 0.0001
