1        1   (0)      1  : 0.4522 0.2137 0.1809 0.1070 0.0461 0.0001
2        2   (0)      1  : 0.4624 0.2092 0.1720 0.1089 0.0474 0.0001
3        3   (0)      1  : 0.4028 0.3594 0.1418 0.0721 0.0238 0.0001
4        4   (0)      1  : 0.4053 0.3382 0.1264 0.0717 0.0582 0.0001
5        5   (0)      2  : 0.6323 0.0003 0.3151 0.0332 0.0001 0.0191
6        6   (0)      2  : 0.5868 0.0001 0.3778 0.0350 0.0001 0.0001
7        7   (0)      2  : 0.6226 0.0001 0.3584 0.0185 0.0001 0.0002
8        8   (0)      2  : 0.6381 0.0001 0.3141 0.0272 0.0001 0.0205
9        9   (0)      3  : 0.0001 0.0001 0.9995 0.0001 0.0001 0.0001
10       10   (0)      3  : 0.0001 0.0001 0.9995 0.0001 0.0001 0.0001
11       11   (0)      3  : 0.0001 0.0001 0.9995 0.0001 0.0001 0.0001
12       12   (0)      3  : 0.0683 0.0432 0.8206 0.0236 0.0438 0.0006
13       13   (0)      4  : 0.9510 0.0201 0.0193 0.0094 0.0001 0.0001
14       14   (0)      4  : 0.9995 0.0001 0.0001 0.0001 0.0001 0.0001
15       15   (0)      4  : 0.9989 0.0001 0.0001 0.0001 0.0001 0.0007
16       16   (0)      4  : 0.9995 0.0001 0.0001 0.0001 0.0001 0.0001
17       17   (0)      5  : 0.0001 0.0001 0.0001 0.9995 0.0001 0.0001
18       18   (0)      5  : 0.0002 0.0001 0.0001 0.9994 0.0001 0.0001
19       19   (0)      5  : 0.0001 0.0001 0.0001 0.9994 0.0001 0.0002
20       20   (0)      5  : 0.0019 0.0048 0.0013 0.9888 0.0010 0.0022
21       21   (0)      6  : 0.0001 0.0005 0.0001 0.0153 0.9712 0.0128
22       22   (0)      6  : 0.0001 0.0002 0.0001 0.0064 0.9912 0.0020
23       23   (0)      6  : 0.0001 0.0001 0.0001 0.0001 0.9995 0.0001
24       24   (0)      6  : 0.0001 0.0001 0.0004 0.0001 0.9992 0.0001
25       25   (0)      7  : 0.0001 0.0018 0.2622 0.0745 0.6612 0.0002
26       26   (0)      7  : 0.0008 0.0423 0.1883 0.0118 0.7567 0.0001
27       27   (0)      7  : 0.0001 0.0216 0.2023 0.0259 0.7500 0.0001
28       28   (0)      7  : 0.0001 0.0117 0.2668 0.0847 0.6308 0.0059
29       29   (0)      8  : 0.0014 0.0705 0.0001 0.0024 0.8533 0.0723
30       30   (0)      8  : 0.0478 0.0241 0.0001 0.0111 0.8930 0.0239
31       31   (0)      8  : 0.0007 0.0439 0.0001 0.0004 0.9428 0.0122
32       32   (0)      8  : 0.0001 0.0343 0.0001 0.0001 0.9643 0.0011
33       33   (0)      9  : 0.6443 0.0001 0.0001 0.0047 0.3236 0.0273
34       34   (0)      9  : 0.6813 0.0001 0.0001 0.0004 0.3146 0.0035
35       35   (0)      9  : 0.6786 0.0001 0.0001 0.0018 0.3183 0.0010
36       36   (0)      9  : 0.6629 0.0001 0.0001 0.0002 0.3178 0.0189
37       37   (0)     10  : 0.0067 0.9003 0.0213 0.0210 0.0105 0.0403
38       38   (0)     10  : 0.0001 0.9995 0.0001 0.0001 0.0001 0.0001
39       39   (0)     10  : 0.0267 0.9335 0.0092 0.0046 0.0158 0.0102
40       40   (0)     10  : 0.0001 0.9995 0.0001 0.0001 0.0001 0.0001
41       41   (0)     11  : 0.0001 0.3430 0.0001 0.0003 0.0337 0.6227
42       42   (0)     11  : 0.0001 0.6763 0.0001 0.0001 0.1460 0.1774
43       43   (0)     11  : 0.0001 0.6924 0.0002 0.0001 0.1391 0.1681
44       44   (0)     11  : 0.0071 0.4577 0.0246 0.0346 0.1765 0.2996
45       45   (0)     12  : 0.0008 0.0001 0.0001 0.0003 0.0001 0.9986
46       46   (0)     12  : 0.0001 0.0001 0.0001 0.0001 0.0001 0.9995
47       47   (0)     12  : 0.0001 0.0001 0.0001 0.0001 0.0001 0.9995
48       48   (0)     12  : 0.0003 0.0001 0.0001 0.0001 0.0001 0.9993
