1        1   (0)      1  : 0.2016 0.3177 0.1423 0.0950 0.1900 0.0001 0.0534
2        2   (0)      1  : 0.2021 0.3244 0.1348 0.0972 0.1890 0.0001 0.0523
3        3   (0)      1  : 0.2648 0.2213 0.0791 0.0598 0.3332 0.0001 0.0418
4        4   (0)      1  : 0.2596 0.2242 0.0669 0.0634 0.3138 0.0001 0.0719
5        5   (0)      2  : 0.9951 0.0001 0.0001 0.0001 0.0003 0.0042 0.0001
6        6   (0)      2  : 0.9986 0.0001 0.0009 0.0001 0.0001 0.0001 0.0001
7        7   (0)      2  : 0.9991 0.0001 0.0004 0.0001 0.0001 0.0001 0.0001
8        8   (0)      2  : 0.9795 0.0138 0.0005 0.0001 0.0001 0.0059 0.0001
9        9   (0)      3  : 0.0001 0.0001 0.9994 0.0001 0.0001 0.0001 0.0001
10       10   (0)      3  : 0.0001 0.0001 0.9994 0.0001 0.0001 0.0001 0.0001
11       11   (0)      3  : 0.0001 0.0001 0.9994 0.0001 0.0001 0.0001 0.0001
12       12   (0)      3  : 0.0637 0.0678 0.7712 0.0178 0.0391 0.0016 0.0388
13       13   (0)      4  : 0.0862 0.8670 0.0307 0.0068 0.0091 0.0001 0.0001
14       14   (0)      4  : 0.0001 0.9994 0.0001 0.0001 0.0001 0.0001 0.0001
15       15   (0)      4  : 0.0098 0.9714 0.0183 0.0001 0.0001 0.0002 0.0001
16       16   (0)      4  : 0.0001 0.9994 0.0001 0.0001 0.0001 0.0001 0.0001
17       17   (0)      5  : 0.0001 0.0001 0.0001 0.9994 0.0001 0.0001 0.0001
18       18   (0)      5  : 0.0001 0.0007 0.0001 0.9988 0.0001 0.0001 0.0001
19       19   (0)      5  : 0.0001 0.0001 0.0001 0.9993 0.0001 0.0002 0.0001
20       20   (0)      5  : 0.0029 0.0007 0.0003 0.9878 0.0055 0.0016 0.0011
21       21   (0)      6  : 0.0001 0.0001 0.0001 0.0180 0.0006 0.0114 0.9697
22       22   (0)      6  : 0.0002 0.0001 0.0001 0.0061 0.0001 0.0027 0.9907
23       23   (0)      6  : 0.0001 0.0001 0.0001 0.0001 0.0001 0.0001 0.9994
24       24   (0)      6  : 0.0004 0.0001 0.0001 0.0001 0.0001 0.0001 0.9991
25       25   (0)      7  : 0.0860 0.0001 0.1907 0.0634 0.0001 0.0003 0.6593
26       26   (0)      7  : 0.1106 0.0001 0.1145 0.0003 0.0228 0.0001 0.7515
27       27   (0)      7  : 0.1039 0.0001 0.1236 0.0144 0.0109 0.0003 0.7469
28       28   (0)      7  : 0.0823 0.0001 0.1995 0.0766 0.0060 0.0047 0.6308
29       29   (0)      8  : 0.0001 0.0087 0.0001 0.0051 0.0739 0.0716 0.8405
30       30   (0)      8  : 0.0001 0.0598 0.0001 0.0102 0.0229 0.0244 0.8824
31       31   (0)      8  : 0.0001 0.0036 0.0001 0.0001 0.0451 0.0097 0.9412
32       32   (0)      8  : 0.0001 0.0001 0.0001 0.0001 0.0383 0.0006 0.9607
33       33   (0)      9  : 0.0056 0.6546 0.0001 0.0091 0.0001 0.0341 0.2964
34       34   (0)      9  : 0.0062 0.6956 0.0001 0.0047 0.0001 0.0060 0.2874
35       35   (0)      9  : 0.0106 0.6886 0.0001 0.0103 0.0004 0.0031 0.2869
36       36   (0)      9  : 0.0328 0.6489 0.0001 0.0010 0.0001 0.0243 0.2929
37       37   (0)     10  : 0.0209 0.0013 0.0152 0.0161 0.8998 0.0354 0.0114
38       38   (0)     10  : 0.0001 0.0001 0.0001 0.0001 0.9994 0.0001 0.0001
39       39   (0)     10  : 0.0091 0.0199 0.0093 0.0036 0.9341 0.0060 0.0180
40       40   (0)     10  : 0.0001 0.0001 0.0001 0.0001 0.9994 0.0001 0.0001
41       41   (0)     11  : 0.0001 0.0001 0.0001 0.0005 0.3426 0.6239 0.0328
42       42   (0)     11  : 0.0001 0.0001 0.0001 0.0001 0.6889 0.1668 0.1439
43       43   (0)     11  : 0.0001 0.0007 0.0004 0.0001 0.7092 0.1599 0.1296
44       44   (0)     11  : 0.0024 0.0146 0.0205 0.0354 0.4634 0.2973 0.1664
45       45   (0)     12  : 0.0018 0.0021 0.0001 0.0001 0.0001 0.9957 0.0001
46       46   (0)     12  : 0.0001 0.0001 0.0001 0.0001 0.0001 0.9994 0.0001
47       47   (0)     12  : 0.0001 0.0001 0.0001 0.0001 0.0001 0.9994 0.0001
48       48   (0)     12  : 0.0001 0.0003 0.0001 0.0002 0.0001 0.9991 0.0001
