1        1   (0)      1  : 0.9174 0.0385 0.0258 0.0181 0.0001 0.0001 0.0001
2        2   (0)      1  : 0.9200 0.0419 0.0183 0.0195 0.0001 0.0001 0.0001
3        3   (0)      1  : 0.9987 0.0001 0.0001 0.0001 0.0008 0.0001 0.0001
4        4   (0)      1  : 0.9896 0.0001 0.0001 0.0001 0.0085 0.0015 0.0001
5        5   (0)      2  : 0.0369 0.6126 0.3069 0.0310 0.0022 0.0103 0.0001
6        6   (0)      2  : 0.0384 0.5676 0.3607 0.0331 0.0001 0.0001 0.0001
7        7   (0)      2  : 0.0361 0.6038 0.3442 0.0155 0.0002 0.0002 0.0001
8        8   (0)      2  : 0.0230 0.6271 0.3103 0.0276 0.0001 0.0118 0.0001
9        9   (0)      3  : 0.0001 0.0001 0.9994 0.0001 0.0001 0.0001 0.0001
10       10   (0)      3  : 0.0001 0.0001 0.9994 0.0001 0.0001 0.0001 0.0001
11       11   (0)      3  : 0.0001 0.0001 0.9994 0.0001 0.0001 0.0001 0.0001
12       12   (0)      3  : 0.0412 0.0506 0.8090 0.0210 0.0370 0.0004 0.0407
13       13   (0)      4  : 0.1512 0.8458 0.0019 0.0003 0.0005 0.0001 0.0001
14       14   (0)      4  : 0.0001 0.9994 0.0001 0.0001 0.0001 0.0001 0.0001
15       15   (0)      4  : 0.1040 0.8955 0.0001 0.0001 0.0001 0.0001 0.0001
16       16   (0)      4  : 0.0005 0.9990 0.0001 0.0001 0.0001 0.0001 0.0001
17       17   (0)      5  : 0.0001 0.0001 0.0001 0.9986 0.0001 0.0001 0.0009
18       18   (0)      5  : 0.0001 0.0009 0.0001 0.9985 0.0001 0.0001 0.0001
19       19   (0)      5  : 0.0001 0.0001 0.0001 0.9991 0.0001 0.0004 0.0001
20       20   (0)      5  : 0.0017 0.0020 0.0016 0.9817 0.0108 0.0011 0.0011
21       21   (0)      6  : 0.0156 0.0001 0.0001 0.0139 0.0001 0.0096 0.9606
22       22   (0)      6  : 0.0009 0.0001 0.0001 0.0068 0.0001 0.0029 0.9891
23       23   (0)      6  : 0.0001 0.0001 0.0001 0.0001 0.0001 0.0001 0.9994
24       24   (0)      6  : 0.0131 0.0001 0.0003 0.0001 0.0001 0.0001 0.9862
25       25   (0)      7  : 0.0820 0.0001 0.2281 0.0578 0.0001 0.0002 0.6317
26       26   (0)      7  : 0.1429 0.0001 0.1370 0.0004 0.0025 0.0002 0.7170
27       27   (0)      7  : 0.1143 0.0001 0.1574 0.0112 0.0005 0.0001 0.7164
28       28   (0)      7  : 0.0833 0.0001 0.2308 0.0702 0.0009 0.0056 0.6090
29       29   (0)      8  : 0.0001 0.0153 0.0001 0.0028 0.0853 0.0626 0.8338
30       30   (0)      8  : 0.0001 0.0678 0.0001 0.0112 0.0293 0.0183 0.8731
31       31   (0)      8  : 0.0001 0.0041 0.0001 0.0004 0.0513 0.0074 0.9366
32       32   (0)      8  : 0.0001 0.0001 0.0001 0.0001 0.0475 0.0001 0.9520
33       33   (0)      9  : 0.0001 0.6803 0.0001 0.0034 0.0006 0.0238 0.2917
34       34   (0)      9  : 0.0001 0.7256 0.0001 0.0007 0.0025 0.0006 0.2704
35       35   (0)      9  : 0.0001 0.7149 0.0001 0.0006 0.0011 0.0005 0.2826
36       36   (0)      9  : 0.0001 0.7028 0.0001 0.0001 0.0001 0.0113 0.2855
37       37   (0)     10  : 0.0055 0.0145 0.0247 0.0222 0.9070 0.0194 0.0069
38       38   (0)     10  : 0.0001 0.0001 0.0001 0.0001 0.9994 0.0001 0.0001
39       39   (0)     10  : 0.0316 0.0274 0.0080 0.0032 0.9186 0.0015 0.0097
40       40   (0)     10  : 0.0001 0.0001 0.0001 0.0001 0.9994 0.0001 0.0001
41       41   (0)     11  : 0.0012 0.0001 0.0001 0.0006 0.3402 0.6180 0.0399
42       42   (0)     11  : 0.0001 0.0001 0.0001 0.0002 0.6945 0.1528 0.1522
43       43   (0)     11  : 0.0014 0.0003 0.0009 0.0001 0.7134 0.1421 0.1419
44       44   (0)     11  : 0.0001 0.0257 0.0263 0.0328 0.4720 0.2759 0.1672
45       45   (0)     12  : 0.0001 0.0028 0.0001 0.0003 0.0001 0.9965 0.0001
46       46   (0)     12  : 0.0001 0.0001 0.0001 0.0001 0.0001 0.9994 0.0001
47       47   (0)     12  : 0.0001 0.0001 0.0001 0.0001 0.0001 0.9994 0.0001
48       48   (0)     12  : 0.0001 0.0003 0.0002 0.0002 0.0001 0.9990 0.0001
